Connecting to host 192.168.88.241, port 5201
[  5] local 192.168.88.250 port 49456 connected to 192.168.88.241 port 5201
[ ID] Interval           Transfer     Bitrate         Total Datagrams
[  5]   0.00-1.00   sec  5.23 MBytes  5.23 MBytes/sec  3785  
[  5]   1.00-2.00   sec  3.75 MBytes  3.75 MBytes/sec  2718  
[  5]   2.00-3.00   sec  3.75 MBytes  3.75 MBytes/sec  2716  
[  5]   3.00-4.00   sec  3.75 MBytes  3.75 MBytes/sec  2717  
[  5]   4.00-5.00   sec  3.75 MBytes  3.75 MBytes/sec  2717  
[  5]   5.00-6.00   sec  2.29 MBytes  2.29 MBytes/sec  1656  
[  5]   6.00-7.00   sec  2.20 MBytes  2.20 MBytes/sec  1590  
[  5]   7.00-8.00   sec  2.20 MBytes  2.20 MBytes/sec  1591  
[  5]   8.00-9.00   sec  2.20 MBytes  2.20 MBytes/sec  1590  
[  5]   9.00-10.00  sec  2.20 MBytes  2.20 MBytes/sec  1590  
[  5]  10.00-11.00  sec  3.45 MBytes  3.45 MBytes/sec  2498  
[  5]  11.00-12.00  sec  3.28 MBytes  3.28 MBytes/sec  2376  
[  5]  12.00-13.00  sec  2.99 MBytes  2.99 MBytes/sec  2163  
[  5]  13.00-14.00  sec  2.99 MBytes  2.99 MBytes/sec  2164  
[  5]  14.00-15.00  sec  2.99 MBytes  2.99 MBytes/sec  2163  
[  5]  15.00-16.00  sec  4.04 MBytes  4.04 MBytes/sec  2924  
[  5]  16.00-17.00  sec  4.26 MBytes  4.26 MBytes/sec  3088  
[  5]  17.00-18.00  sec  4.27 MBytes  4.27 MBytes/sec  3089  
[  5]  18.00-19.00  sec  4.26 MBytes  4.26 MBytes/sec  3088  
[  5]  19.00-20.00  sec  4.27 MBytes  4.27 MBytes/sec  3089  
[  5]  20.00-21.00  sec  4.04 MBytes  4.04 MBytes/sec  2924  
[  5]  21.00-22.00  sec  3.97 MBytes  3.97 MBytes/sec  2875  
[  5]  22.00-23.00  sec  3.97 MBytes  3.97 MBytes/sec  2874  
[  5]  23.00-24.00  sec  3.97 MBytes  3.97 MBytes/sec  2875  
[  5]  24.00-25.00  sec  3.97 MBytes  3.97 MBytes/sec  2874  
[  5]  25.00-26.00  sec  3.36 MBytes  3.36 MBytes/sec  2434  
[  5]  26.00-27.00  sec  3.08 MBytes  3.08 MBytes/sec  2227  
[  5]  27.00-28.00  sec  3.08 MBytes  3.08 MBytes/sec  2227  
[  5]  28.00-29.00  sec  3.08 MBytes  3.08 MBytes/sec  2227  
[  5]  29.00-30.00  sec  3.08 MBytes  3.08 MBytes/sec  2227  
[  5]  30.00-31.00  sec  3.28 MBytes  3.28 MBytes/sec  2378  
[  5]  31.00-32.00  sec  3.46 MBytes  3.46 MBytes/sec  2504  
[  5]  32.00-33.00  sec  3.46 MBytes  3.46 MBytes/sec  2505  
[  5]  33.00-34.00  sec  3.46 MBytes  3.46 MBytes/sec  2504  
[  5]  34.00-35.00  sec  3.46 MBytes  3.46 MBytes/sec  2504  
[  5]  35.00-36.00  sec  3.16 MBytes  3.16 MBytes/sec  2290  
[  5]  36.00-37.00  sec  2.85 MBytes  2.85 MBytes/sec  2062  
[  5]  37.00-38.00  sec  2.85 MBytes  2.85 MBytes/sec  2063  
[  5]  38.00-39.00  sec  2.85 MBytes  2.85 MBytes/sec  2063  
[  5]  39.00-40.00  sec  2.85 MBytes  2.85 MBytes/sec  2062  
[  5]  40.00-41.00  sec  2.78 MBytes  2.78 MBytes/sec  2015  
[  5]  41.00-42.00  sec  2.69 MBytes  2.69 MBytes/sec  1951  
[  5]  42.00-43.00  sec  2.69 MBytes  2.69 MBytes/sec  1951  
[  5]  43.00-44.00  sec  2.69 MBytes  2.69 MBytes/sec  1951  
[  5]  44.00-45.00  sec  2.69 MBytes  2.69 MBytes/sec  1951  
[  5]  45.00-46.00  sec  2.65 MBytes  2.65 MBytes/sec  1918  
[  5]  46.00-47.00  sec  2.57 MBytes  2.57 MBytes/sec  1861  
[  5]  47.00-48.00  sec  2.57 MBytes  2.57 MBytes/sec  1858  
[  5]  48.00-49.00  sec  2.57 MBytes  2.57 MBytes/sec  1861  
[  5]  49.00-50.00  sec  2.57 MBytes  2.57 MBytes/sec  1860  
[  5]  50.00-51.00  sec  3.19 MBytes  3.19 MBytes/sec  2309  
[  5]  51.00-52.00  sec  5.16 MBytes  5.16 MBytes/sec  3738  
[  5]  52.00-53.00  sec  5.16 MBytes  5.16 MBytes/sec  3738  
[  5]  53.00-54.00  sec  5.16 MBytes  5.16 MBytes/sec  3738  
[  5]  54.00-55.00  sec  5.16 MBytes  5.16 MBytes/sec  3738  
[  5]  55.00-56.00  sec  4.97 MBytes  4.97 MBytes/sec  3599  
[  5]  56.00-57.00  sec  4.01 MBytes  4.01 MBytes/sec  2901  
[  5]  57.00-58.00  sec  4.01 MBytes  4.01 MBytes/sec  2901  
[  5]  58.00-59.00  sec  4.01 MBytes  4.01 MBytes/sec  2902  
[  5]  59.00-60.00  sec  4.01 MBytes  4.01 MBytes/sec  2901  
[  5]  60.00-61.00  sec  3.91 MBytes  3.91 MBytes/sec  2833  
[  5]  61.00-62.00  sec  3.07 MBytes  3.07 MBytes/sec  2222  
[  5]  62.00-63.00  sec  3.07 MBytes  3.07 MBytes/sec  2223  
[  5]  63.00-64.00  sec  3.07 MBytes  3.07 MBytes/sec  2222  
[  5]  64.00-65.00  sec  3.07 MBytes  3.07 MBytes/sec  2223  
[  5]  65.00-66.00  sec  3.13 MBytes  3.13 MBytes/sec  2264  
[  5]  66.00-67.00  sec  5.29 MBytes  5.29 MBytes/sec  3831  
[  5]  67.00-68.00  sec  5.29 MBytes  5.29 MBytes/sec  3831  
[  5]  68.00-69.00  sec  5.29 MBytes  5.29 MBytes/sec  3830  
[  5]  69.00-70.00  sec  5.29 MBytes  5.29 MBytes/sec  3831  
[  5]  70.00-71.00  sec  5.29 MBytes  5.29 MBytes/sec  3831  
[  5]  71.00-72.00  sec  4.69 MBytes  4.69 MBytes/sec  3398  
[  5]  72.00-73.00  sec  4.67 MBytes  4.67 MBytes/sec  3382  
[  5]  73.00-74.00  sec  4.67 MBytes  4.67 MBytes/sec  3383  
[  5]  74.00-75.00  sec  4.67 MBytes  4.67 MBytes/sec  3382  
[  5]  75.00-76.00  sec  4.67 MBytes  4.67 MBytes/sec  3382  
[  5]  76.00-77.00  sec  2.70 MBytes  2.70 MBytes/sec  1958  
[  5]  77.00-78.00  sec  2.51 MBytes  2.51 MBytes/sec  1818  
[  5]  78.00-79.00  sec  2.51 MBytes  2.51 MBytes/sec  1819  
[  5]  79.00-80.00  sec  2.51 MBytes  2.51 MBytes/sec  1818  
[  5]  80.00-81.00  sec  2.51 MBytes  2.51 MBytes/sec  1819  
[  5]  81.00-82.00  sec  3.06 MBytes  3.06 MBytes/sec  2217  
[  5]  82.00-83.00  sec  3.18 MBytes  3.18 MBytes/sec  2300  
[  5]  83.00-84.00  sec  3.17 MBytes  3.17 MBytes/sec  2299  
[  5]  84.00-85.00  sec  3.18 MBytes  3.18 MBytes/sec  2300  
[  5]  85.00-86.00  sec  3.17 MBytes  3.17 MBytes/sec  2299  
[  5]  86.00-87.00  sec  2.98 MBytes  2.98 MBytes/sec  2156  
[  5]  87.00-88.00  sec  2.92 MBytes  2.92 MBytes/sec  2111  
[  5]  88.00-89.00  sec  2.92 MBytes  2.92 MBytes/sec  2111  
[  5]  89.00-90.00  sec  2.92 MBytes  2.92 MBytes/sec  2111  
[  5]  90.00-91.00  sec  2.92 MBytes  2.92 MBytes/sec  2111  
[  5]  91.00-92.00  sec  4.27 MBytes  4.27 MBytes/sec  3094  
[  5]  92.00-93.00  sec  4.86 MBytes  4.86 MBytes/sec  3521  
[  5]  93.00-94.00  sec  4.86 MBytes  4.86 MBytes/sec  3521  
[  5]  94.00-95.00  sec  4.86 MBytes  4.86 MBytes/sec  3522  
[  5]  95.00-96.00  sec  4.86 MBytes  4.86 MBytes/sec  3520  
[  5]  96.00-97.00  sec  4.82 MBytes  4.82 MBytes/sec  3490  
[  5]  97.00-98.00  sec  4.79 MBytes  4.79 MBytes/sec  3469  
[  5]  98.00-99.00  sec  4.79 MBytes  4.79 MBytes/sec  3470  
[  5]  99.00-100.00 sec  4.79 MBytes  4.79 MBytes/sec  3469  
[  5] 100.00-101.00 sec  4.79 MBytes  4.79 MBytes/sec  3470  
[  5] 101.00-102.00 sec  4.54 MBytes  4.54 MBytes/sec  3288  
[  5] 102.00-103.00 sec  4.33 MBytes  4.33 MBytes/sec  3139  
[  5] 103.00-104.00 sec  4.33 MBytes  4.33 MBytes/sec  3138  
[  5] 104.00-105.00 sec  4.33 MBytes  4.33 MBytes/sec  3138  
[  5] 105.00-106.00 sec  4.33 MBytes  4.33 MBytes/sec  3138  
[  5] 106.00-107.00 sec  4.54 MBytes  4.54 MBytes/sec  3288  
[  5] 107.00-108.00 sec  4.78 MBytes  4.78 MBytes/sec  3459  
[  5] 108.00-109.00 sec  4.78 MBytes  4.78 MBytes/sec  3459  
[  5] 109.00-110.00 sec  4.78 MBytes  4.78 MBytes/sec  3459  
[  5] 110.00-111.00 sec  4.78 MBytes  4.78 MBytes/sec  3458  
[  5] 111.00-112.00 sec  4.78 MBytes  4.78 MBytes/sec  3458  
[  5] 112.00-113.00 sec  4.77 MBytes  4.77 MBytes/sec  3456  
[  5] 113.00-114.00 sec  4.77 MBytes  4.77 MBytes/sec  3455  
[  5] 114.00-115.00 sec  4.77 MBytes  4.77 MBytes/sec  3456  
[  5] 115.00-116.00 sec  4.77 MBytes  4.77 MBytes/sec  3456  
[  5] 116.00-117.00 sec  4.63 MBytes  4.63 MBytes/sec  3352  
[  5] 117.00-118.00 sec  4.34 MBytes  4.34 MBytes/sec  3142  
[  5] 118.00-119.00 sec  4.34 MBytes  4.34 MBytes/sec  3142  
[  5] 119.00-120.00 sec  4.34 MBytes  4.34 MBytes/sec  3142  
[  5] 120.00-121.00 sec  4.34 MBytes  4.34 MBytes/sec  3142  
[  5] 121.00-122.00 sec  3.67 MBytes  3.67 MBytes/sec  2655  
[  5] 122.00-123.00 sec  1.63 MBytes  1.63 MBytes/sec  1179  
[  5] 123.00-124.00 sec  1.63 MBytes  1.63 MBytes/sec  1180  
[  5] 124.00-125.00 sec  1.63 MBytes  1.63 MBytes/sec  1180  
[  5] 125.00-126.00 sec  1.63 MBytes  1.63 MBytes/sec  1180  
[  5] 126.00-127.00 sec  1.70 MBytes  1.70 MBytes/sec  1232  
[  5] 127.00-128.00 sec  2.02 MBytes  2.02 MBytes/sec  1466  
[  5] 128.00-129.00 sec  2.02 MBytes  2.02 MBytes/sec  1466  
[  5] 129.00-130.00 sec  2.02 MBytes  2.02 MBytes/sec  1466  
[  5] 130.00-131.00 sec  2.02 MBytes  2.02 MBytes/sec  1466  
[  5] 131.00-132.00 sec  2.08 MBytes  2.08 MBytes/sec  1503  
[  5] 132.00-133.00 sec  2.57 MBytes  2.57 MBytes/sec  1862  
[  5] 133.00-134.00 sec  2.57 MBytes  2.57 MBytes/sec  1863  
[  5] 134.00-135.00 sec  2.57 MBytes  2.57 MBytes/sec  1862  
[  5] 135.00-136.00 sec  2.57 MBytes  2.57 MBytes/sec  1863  
[  5] 136.00-137.00 sec  2.57 MBytes  2.57 MBytes/sec  1859  
[  5] 137.00-138.00 sec  1.75 MBytes  1.75 MBytes/sec  1264  
[  5] 138.00-139.00 sec  1.71 MBytes  1.71 MBytes/sec  1237  
[  5] 139.00-140.00 sec  1.71 MBytes  1.71 MBytes/sec  1236  
[  5] 140.00-141.00 sec  1.71 MBytes  1.71 MBytes/sec  1237  
[  5] 141.00-142.00 sec  1.71 MBytes  1.71 MBytes/sec  1237  
[  5] 142.00-143.00 sec  4.28 MBytes  4.28 MBytes/sec  3100  
[  5] 143.00-144.00 sec  4.61 MBytes  4.61 MBytes/sec  3340  
[  5] 144.00-145.00 sec  4.61 MBytes  4.61 MBytes/sec  3341  
[  5] 145.00-146.00 sec  4.61 MBytes  4.61 MBytes/sec  3340  
[  5] 146.00-147.00 sec  4.61 MBytes  4.61 MBytes/sec  3340  
[  5] 147.00-148.00 sec  4.16 MBytes  4.16 MBytes/sec  3011  
[  5] 148.00-149.00 sec  4.06 MBytes  4.06 MBytes/sec  2937  
[  5] 149.00-150.00 sec  4.06 MBytes  4.06 MBytes/sec  2937  
[  5] 150.00-151.00 sec  4.06 MBytes  4.06 MBytes/sec  2938  
[  5] 151.00-152.00 sec  4.06 MBytes  4.06 MBytes/sec  2937  
[  5] 152.00-153.00 sec  4.09 MBytes  4.09 MBytes/sec  2964  
[  5] 153.00-154.00 sec  4.11 MBytes  4.11 MBytes/sec  2973  
[  5] 154.00-155.00 sec  4.11 MBytes  4.11 MBytes/sec  2973  
[  5] 155.00-156.00 sec  4.10 MBytes  4.10 MBytes/sec  2972  
[  5] 156.00-157.00 sec  4.11 MBytes  4.11 MBytes/sec  2973  
[  5] 157.00-158.00 sec  3.47 MBytes  3.47 MBytes/sec  2514  
[  5] 158.00-159.00 sec  3.21 MBytes  3.21 MBytes/sec  2324  
[  5] 159.00-160.00 sec  3.21 MBytes  3.21 MBytes/sec  2323  
[  5] 160.00-161.00 sec  3.21 MBytes  3.21 MBytes/sec  2323  
[  5] 161.00-162.00 sec  3.21 MBytes  3.21 MBytes/sec  2323  
[  5] 162.00-163.00 sec  2.84 MBytes  2.84 MBytes/sec  2060  
[  5] 163.00-164.00 sec  2.66 MBytes  2.66 MBytes/sec  1925  
[  5] 164.00-165.00 sec  2.66 MBytes  2.66 MBytes/sec  1925  
[  5] 165.00-166.00 sec  2.66 MBytes  2.66 MBytes/sec  1925  
[  5] 166.00-167.00 sec  2.66 MBytes  2.66 MBytes/sec  1926  
[  5] 167.00-168.00 sec  3.51 MBytes  3.51 MBytes/sec  2544  
[  5] 168.00-169.00 sec  4.11 MBytes  4.11 MBytes/sec  2975  
[  5] 169.00-170.00 sec  4.11 MBytes  4.11 MBytes/sec  2974  
[  5] 170.00-171.00 sec  4.11 MBytes  4.11 MBytes/sec  2975  
[  5] 171.00-172.00 sec  4.11 MBytes  4.11 MBytes/sec  2974  
[  5] 172.00-173.00 sec  3.79 MBytes  3.79 MBytes/sec  2746  
[  5] 173.00-174.00 sec  3.50 MBytes  3.50 MBytes/sec  2537  
[  5] 174.00-175.00 sec  3.50 MBytes  3.50 MBytes/sec  2537  
[  5] 175.00-176.00 sec  3.50 MBytes  3.50 MBytes/sec  2537  
[  5] 176.00-177.00 sec  3.50 MBytes  3.50 MBytes/sec  2537  
[  5] 177.00-178.00 sec  3.29 MBytes  3.29 MBytes/sec  2384  
[  5] 178.00-179.00 sec  3.02 MBytes  3.02 MBytes/sec  2189  
[  5] 179.00-180.00 sec  3.02 MBytes  3.02 MBytes/sec  2190  
[  5] 180.00-181.00 sec  3.02 MBytes  3.02 MBytes/sec  2189  
[  5] 181.00-182.00 sec  3.02 MBytes  3.02 MBytes/sec  2189  
[  5] 182.00-183.00 sec  3.10 MBytes  3.10 MBytes/sec  2244  
[  5] 183.00-184.00 sec  3.24 MBytes  3.24 MBytes/sec  2343  
[  5] 184.00-185.00 sec  3.24 MBytes  3.24 MBytes/sec  2343  
[  5] 185.00-186.00 sec  3.24 MBytes  3.24 MBytes/sec  2343  
[  5] 186.00-187.00 sec  3.24 MBytes  3.24 MBytes/sec  2343  
[  5] 187.00-188.00 sec  3.33 MBytes  3.33 MBytes/sec  2408  
[  5] 188.00-189.00 sec  3.54 MBytes  3.54 MBytes/sec  2565  
[  5] 189.00-190.00 sec  3.54 MBytes  3.54 MBytes/sec  2566  
[  5] 190.00-191.00 sec  3.54 MBytes  3.54 MBytes/sec  2565  
[  5] 191.00-192.00 sec  3.54 MBytes  3.54 MBytes/sec  2565  
[  5] 192.00-193.00 sec  3.33 MBytes  3.33 MBytes/sec  2415  
[  5] 193.00-194.00 sec  2.68 MBytes  2.68 MBytes/sec  1943  
[  5] 194.00-195.00 sec  2.68 MBytes  2.68 MBytes/sec  1942  
[  5] 195.00-196.00 sec  2.68 MBytes  2.68 MBytes/sec  1943  
[  5] 196.00-197.00 sec  2.68 MBytes  2.68 MBytes/sec  1942  
[  5] 197.00-198.00 sec  2.67 MBytes  2.67 MBytes/sec  1932  
[  5] 198.00-199.00 sec  2.61 MBytes  2.61 MBytes/sec  1888  
[  5] 199.00-200.00 sec  2.61 MBytes  2.61 MBytes/sec  1888  
[  5] 200.00-201.00 sec  2.61 MBytes  2.61 MBytes/sec  1887  
[  5] 201.00-202.00 sec  2.61 MBytes  2.61 MBytes/sec  1888  
[  5] 202.00-203.00 sec  2.68 MBytes  2.68 MBytes/sec  1941  
[  5] 203.00-204.00 sec  3.20 MBytes  3.20 MBytes/sec  2315  
[  5] 204.00-205.00 sec  3.20 MBytes  3.20 MBytes/sec  2316  
[  5] 205.00-206.00 sec  3.20 MBytes  3.20 MBytes/sec  2316  
[  5] 206.00-207.00 sec  3.20 MBytes  3.20 MBytes/sec  2315  
[  5] 207.00-208.00 sec  3.15 MBytes  3.15 MBytes/sec  2280  
[  5] 208.00-209.00 sec  2.46 MBytes  2.46 MBytes/sec  1779  
[  5] 209.00-210.00 sec  2.46 MBytes  2.46 MBytes/sec  1779  
[  5] 210.00-211.00 sec  2.46 MBytes  2.46 MBytes/sec  1779  
[  5] 211.00-212.00 sec  2.46 MBytes  2.46 MBytes/sec  1778  
[  5] 212.00-213.00 sec  2.46 MBytes  2.46 MBytes/sec  1779  
[  5] 213.00-214.00 sec  2.58 MBytes  2.58 MBytes/sec  1866  
[  5] 214.00-215.00 sec  2.58 MBytes  2.58 MBytes/sec  1866  
[  5] 215.00-216.00 sec  2.58 MBytes  2.58 MBytes/sec  1867  
[  5] 216.00-217.00 sec  2.58 MBytes  2.58 MBytes/sec  1866  
[  5] 217.00-218.00 sec  2.58 MBytes  2.58 MBytes/sec  1866  
[  5] 218.00-219.00 sec  3.87 MBytes  3.87 MBytes/sec  2805  
[  5] 219.00-220.00 sec  3.97 MBytes  3.97 MBytes/sec  2875  
[  5] 220.00-221.00 sec  3.97 MBytes  3.97 MBytes/sec  2875  
[  5] 221.00-222.00 sec  3.97 MBytes  3.97 MBytes/sec  2874  
[  5] 222.00-223.00 sec  3.97 MBytes  3.97 MBytes/sec  2875  
[  5] 223.00-224.00 sec  3.55 MBytes  3.55 MBytes/sec  2572  
[  5] 224.00-225.00 sec  3.48 MBytes  3.48 MBytes/sec  2517  
[  5] 225.00-226.00 sec  3.47 MBytes  3.47 MBytes/sec  2516  
[  5] 226.00-227.00 sec  3.48 MBytes  3.48 MBytes/sec  2517  
[  5] 227.00-228.00 sec  3.47 MBytes  3.47 MBytes/sec  2516  
[  5] 228.00-229.00 sec  2.28 MBytes  2.28 MBytes/sec  1653  
[  5] 229.00-230.00 sec  1.95 MBytes  1.95 MBytes/sec  1414  
[  5] 230.00-231.00 sec  1.95 MBytes  1.95 MBytes/sec  1415  
[  5] 231.00-232.00 sec  1.95 MBytes  1.95 MBytes/sec  1414  
[  5] 232.00-233.00 sec  1.95 MBytes  1.95 MBytes/sec  1415  
[  5] 233.00-234.00 sec  1.61 MBytes  1.61 MBytes/sec  1166  
[  5] 234.00-235.00 sec  1.48 MBytes  1.48 MBytes/sec  1070  
[  5] 235.00-236.00 sec  1.48 MBytes  1.48 MBytes/sec  1070  
[  5] 236.00-237.00 sec  1.48 MBytes  1.48 MBytes/sec  1070  
[  5] 237.00-238.00 sec  1.48 MBytes  1.48 MBytes/sec  1070  
[  5] 238.00-239.00 sec  1.46 MBytes  1.46 MBytes/sec  1055  
[  5] 239.00-240.00 sec  1.44 MBytes  1.44 MBytes/sec  1046  
[  5] 240.00-241.00 sec  1.44 MBytes  1.44 MBytes/sec  1046  
[  5] 241.00-242.00 sec  1.44 MBytes  1.44 MBytes/sec  1046  
[  5] 242.00-243.00 sec  1.45 MBytes  1.45 MBytes/sec  1047  
[  5] 243.00-244.00 sec  1.34 MBytes  1.34 MBytes/sec  971  
[  5] 244.00-245.00 sec  1.26 MBytes  1.26 MBytes/sec  915  
[  5] 245.00-246.00 sec  1.26 MBytes  1.26 MBytes/sec  915  
[  5] 246.00-247.00 sec  1.26 MBytes  1.26 MBytes/sec  915  
[  5] 247.00-248.00 sec  1.26 MBytes  1.26 MBytes/sec  915  
[  5] 248.00-249.00 sec  1.74 MBytes  1.74 MBytes/sec  1263  
[  5] 249.00-250.00 sec  2.22 MBytes  2.22 MBytes/sec  1611  
[  5] 250.00-251.00 sec  2.22 MBytes  2.22 MBytes/sec  1610  
[  5] 251.00-252.00 sec  2.22 MBytes  2.22 MBytes/sec  1611  
[  5] 252.00-253.00 sec  2.22 MBytes  2.22 MBytes/sec  1610  
[  5] 253.00-254.00 sec  2.57 MBytes  2.57 MBytes/sec  1860  
[  5] 254.00-255.00 sec  3.03 MBytes  3.03 MBytes/sec  2191  
[  5] 255.00-256.00 sec  3.03 MBytes  3.03 MBytes/sec  2191  
[  5] 256.00-257.00 sec  3.02 MBytes  3.02 MBytes/sec  2190  
[  5] 257.00-258.00 sec  3.03 MBytes  3.03 MBytes/sec  2191  
[  5] 258.00-259.00 sec  3.05 MBytes  3.05 MBytes/sec  2210  
[  5] 259.00-260.00 sec  3.10 MBytes  3.10 MBytes/sec  2244  
[  5] 260.00-261.00 sec  3.10 MBytes  3.10 MBytes/sec  2244  
[  5] 261.00-262.00 sec  3.10 MBytes  3.10 MBytes/sec  2245  
[  5] 262.00-263.00 sec  3.10 MBytes  3.10 MBytes/sec  2244  
[  5] 263.00-264.00 sec  3.40 MBytes  3.40 MBytes/sec  2461  
[  5] 264.00-265.00 sec  4.08 MBytes  4.08 MBytes/sec  2954  
[  5] 265.00-266.00 sec  4.08 MBytes  4.08 MBytes/sec  2955  
[  5] 266.00-267.00 sec  4.08 MBytes  4.08 MBytes/sec  2954  
[  5] 267.00-268.00 sec  4.08 MBytes  4.08 MBytes/sec  2955  
[  5] 268.00-269.00 sec  3.99 MBytes  3.99 MBytes/sec  2887  
[  5] 269.00-270.00 sec  3.72 MBytes  3.72 MBytes/sec  2694  
[  5] 270.00-271.00 sec  3.72 MBytes  3.72 MBytes/sec  2694  
[  5] 271.00-272.00 sec  3.72 MBytes  3.72 MBytes/sec  2694  
[  5] 272.00-273.00 sec  3.72 MBytes  3.72 MBytes/sec  2694  
[  5] 273.00-274.00 sec  3.67 MBytes  3.67 MBytes/sec  2655  
[  5] 274.00-275.00 sec  3.46 MBytes  3.46 MBytes/sec  2509  
[  5] 275.00-276.00 sec  3.47 MBytes  3.47 MBytes/sec  2510  
[  5] 276.00-277.00 sec  3.46 MBytes  3.46 MBytes/sec  2508  
[  5] 277.00-278.00 sec  3.46 MBytes  3.46 MBytes/sec  2509  
[  5] 278.00-279.00 sec  3.54 MBytes  3.54 MBytes/sec  2566  
[  5] 279.00-280.00 sec  4.04 MBytes  4.04 MBytes/sec  2925  
[  5] 280.00-281.00 sec  4.04 MBytes  4.04 MBytes/sec  2925  
[  5] 281.00-282.00 sec  4.04 MBytes  4.04 MBytes/sec  2924  
[  5] 282.00-283.00 sec  4.04 MBytes  4.04 MBytes/sec  2925  
[  5] 283.00-284.00 sec  4.05 MBytes  4.05 MBytes/sec  2932  
[  5] 284.00-285.00 sec  4.33 MBytes  4.33 MBytes/sec  3138  
[  5] 285.00-286.00 sec  4.33 MBytes  4.33 MBytes/sec  3137  
[  5] 286.00-287.00 sec  4.33 MBytes  4.33 MBytes/sec  3138  
[  5] 287.00-288.00 sec  4.33 MBytes  4.33 MBytes/sec  3138  
[  5] 288.00-289.00 sec  4.33 MBytes  4.33 MBytes/sec  3137  
[  5] 289.00-290.00 sec  4.05 MBytes  4.05 MBytes/sec  2931  
[  5] 290.00-291.00 sec  4.04 MBytes  4.04 MBytes/sec  2924  
[  5] 291.00-292.00 sec  4.04 MBytes  4.04 MBytes/sec  2924  
[  5] 292.00-293.00 sec  4.04 MBytes  4.04 MBytes/sec  2924  
[  5] 293.00-294.00 sec  4.04 MBytes  4.04 MBytes/sec  2924  
[  5] 294.00-295.00 sec  3.84 MBytes  3.84 MBytes/sec  2783  
[  5] 295.00-296.00 sec  3.81 MBytes  3.81 MBytes/sec  2758  
[  5] 296.00-297.00 sec  3.81 MBytes  3.81 MBytes/sec  2757  
[  5] 297.00-298.00 sec  3.81 MBytes  3.81 MBytes/sec  2758  
[  5] 298.00-299.00 sec  3.81 MBytes  3.81 MBytes/sec  2758  
[  5] 299.00-300.00 sec  3.51 MBytes  3.51 MBytes/sec  2542  
[  5] 300.00-301.00 sec  3.42 MBytes  3.42 MBytes/sec  2476  
[  5] 301.00-302.00 sec  3.42 MBytes  3.42 MBytes/sec  2477  
[  5] 302.00-303.00 sec  3.42 MBytes  3.42 MBytes/sec  2476  
[  5] 303.00-304.00 sec  3.42 MBytes  3.42 MBytes/sec  2477  
[  5] 304.00-305.00 sec  2.53 MBytes  2.53 MBytes/sec  1834  
[  5] 305.00-306.00 sec  2.17 MBytes  2.17 MBytes/sec  1569  
[  5] 306.00-307.00 sec  2.17 MBytes  2.17 MBytes/sec  1568  
[  5] 307.00-308.00 sec  2.17 MBytes  2.17 MBytes/sec  1568  
[  5] 308.00-309.00 sec  2.17 MBytes  2.17 MBytes/sec  1569  
[  5] 309.00-310.00 sec  2.65 MBytes  2.65 MBytes/sec  1916  
[  5] 310.00-311.00 sec  2.93 MBytes  2.93 MBytes/sec  2120  
[  5] 311.00-312.00 sec  2.93 MBytes  2.93 MBytes/sec  2120  
[  5] 312.00-313.00 sec  2.93 MBytes  2.93 MBytes/sec  2120  
[  5] 313.00-314.00 sec  2.93 MBytes  2.93 MBytes/sec  2120  
[  5] 314.00-315.00 sec  2.47 MBytes  2.47 MBytes/sec  1791  
[  5] 315.00-316.00 sec  2.05 MBytes  2.05 MBytes/sec  1488  
[  5] 316.00-317.00 sec  2.05 MBytes  2.05 MBytes/sec  1488  
[  5] 317.00-318.00 sec  2.05 MBytes  2.05 MBytes/sec  1487  
[  5] 318.00-319.00 sec  2.05 MBytes  2.05 MBytes/sec  1488  
[  5] 319.00-320.00 sec  2.30 MBytes  2.30 MBytes/sec  1663  
[  5] 320.00-321.00 sec  2.60 MBytes  2.60 MBytes/sec  1884  
[  5] 321.00-322.00 sec  2.60 MBytes  2.60 MBytes/sec  1884  
[  5] 322.00-323.00 sec  2.60 MBytes  2.60 MBytes/sec  1884  
[  5] 323.00-324.00 sec  2.60 MBytes  2.60 MBytes/sec  1884  
[  5] 324.00-325.00 sec  2.57 MBytes  2.57 MBytes/sec  1864  
[  5] 325.00-326.00 sec  2.52 MBytes  2.52 MBytes/sec  1822  
[  5] 326.00-327.00 sec  2.52 MBytes  2.52 MBytes/sec  1823  
[  5] 327.00-328.00 sec  2.52 MBytes  2.52 MBytes/sec  1822  
[  5] 328.00-329.00 sec  2.52 MBytes  2.52 MBytes/sec  1823  
[  5] 329.00-330.00 sec  2.52 MBytes  2.52 MBytes/sec  1826  
[  5] 330.00-331.00 sec  2.54 MBytes  2.54 MBytes/sec  1841  
[  5] 331.00-332.00 sec  2.54 MBytes  2.54 MBytes/sec  1841  
[  5] 332.00-333.00 sec  2.54 MBytes  2.54 MBytes/sec  1841  
[  5] 333.00-334.00 sec  2.54 MBytes  2.54 MBytes/sec  1841  
[  5] 334.00-335.00 sec  2.46 MBytes  2.46 MBytes/sec  1782  
[  5] 335.00-336.00 sec  1.97 MBytes  1.97 MBytes/sec  1429  
[  5] 336.00-337.00 sec  1.97 MBytes  1.97 MBytes/sec  1429  
[  5] 337.00-338.00 sec  1.97 MBytes  1.97 MBytes/sec  1429  
[  5] 338.00-339.00 sec  1.97 MBytes  1.97 MBytes/sec  1429  
[  5] 339.00-340.00 sec  1.97 MBytes  1.97 MBytes/sec  1424  
[  5] 340.00-341.00 sec  1.77 MBytes  1.77 MBytes/sec  1281  
[  5] 341.00-342.00 sec  1.77 MBytes  1.77 MBytes/sec  1281  
[  5] 342.00-343.00 sec  1.77 MBytes  1.77 MBytes/sec  1280  
[  5] 343.00-344.00 sec  1.77 MBytes  1.77 MBytes/sec  1281  
[  5] 344.00-345.00 sec  1.77 MBytes  1.77 MBytes/sec  1281  
[  5] 345.00-346.00 sec  2.40 MBytes  2.40 MBytes/sec  1737  
[  5] 346.00-347.00 sec  2.42 MBytes  2.42 MBytes/sec  1754  
[  5] 347.00-348.00 sec  2.42 MBytes  2.42 MBytes/sec  1754  
[  5] 348.00-349.00 sec  2.42 MBytes  2.42 MBytes/sec  1755  
[  5] 349.00-350.00 sec  2.42 MBytes  2.42 MBytes/sec  1754  
[  5] 350.00-351.00 sec  3.58 MBytes  3.59 MBytes/sec  2596  
[  5] 351.00-352.00 sec  3.75 MBytes  3.75 MBytes/sec  2713  
[  5] 352.00-353.00 sec  3.75 MBytes  3.75 MBytes/sec  2714  
[  5] 353.00-354.00 sec  3.75 MBytes  3.75 MBytes/sec  2713  
[  5] 354.00-355.00 sec  3.75 MBytes  3.75 MBytes/sec  2714  
[  5] 355.00-356.00 sec  3.54 MBytes  3.54 MBytes/sec  2566  
[  5] 356.00-357.00 sec  3.50 MBytes  3.50 MBytes/sec  2534  
[  5] 357.00-358.00 sec  3.50 MBytes  3.50 MBytes/sec  2534  
[  5] 358.00-359.00 sec  3.50 MBytes  3.50 MBytes/sec  2533  
[  5] 359.00-360.00 sec  3.50 MBytes  3.50 MBytes/sec  2534  
[  5] 360.00-361.00 sec  2.53 MBytes  2.53 MBytes/sec  1834  
[  5] 361.00-362.00 sec  2.22 MBytes  2.22 MBytes/sec  1605  
[  5] 362.00-363.00 sec  2.22 MBytes  2.22 MBytes/sec  1605  
[  5] 363.00-364.00 sec  2.22 MBytes  2.22 MBytes/sec  1605  
[  5] 364.00-365.00 sec  2.22 MBytes  2.22 MBytes/sec  1605  
[  5] 365.00-366.00 sec  2.85 MBytes  2.85 MBytes/sec  2063  
[  5] 366.00-367.00 sec  3.15 MBytes  3.15 MBytes/sec  2284  
[  5] 367.00-368.00 sec  3.15 MBytes  3.15 MBytes/sec  2284  
[  5] 368.00-369.00 sec  3.16 MBytes  3.16 MBytes/sec  2285  
[  5] 369.00-370.00 sec  3.15 MBytes  3.15 MBytes/sec  2284  
[  5] 370.00-371.00 sec  3.18 MBytes  3.18 MBytes/sec  2303  
[  5] 371.00-372.00 sec  3.20 MBytes  3.20 MBytes/sec  2317  
[  5] 372.00-373.00 sec  3.20 MBytes  3.20 MBytes/sec  2316  
[  5] 373.00-374.00 sec  3.20 MBytes  3.20 MBytes/sec  2317  
[  5] 374.00-375.00 sec  3.20 MBytes  3.20 MBytes/sec  2317  
[  5] 375.00-376.00 sec  2.95 MBytes  2.95 MBytes/sec  2133  
[  5] 376.00-377.00 sec  2.70 MBytes  2.70 MBytes/sec  1953  
[  5] 377.00-378.00 sec  2.70 MBytes  2.70 MBytes/sec  1952  
[  5] 378.00-379.00 sec  2.70 MBytes  2.70 MBytes/sec  1953  
[  5] 379.00-380.00 sec  2.70 MBytes  2.70 MBytes/sec  1953  
[  5] 380.00-381.00 sec  2.89 MBytes  2.89 MBytes/sec  2094  
[  5] 381.00-382.00 sec  3.13 MBytes  3.13 MBytes/sec  2267  
[  5] 382.00-383.00 sec  3.13 MBytes  3.13 MBytes/sec  2268  
[  5] 383.00-384.00 sec  3.13 MBytes  3.13 MBytes/sec  2267  
[  5] 384.00-385.00 sec  3.13 MBytes  3.13 MBytes/sec  2267  
[  5] 385.00-386.00 sec  2.58 MBytes  2.58 MBytes/sec  1871  
[  5] 386.00-387.00 sec  1.66 MBytes  1.66 MBytes/sec  1205  
[  5] 387.00-388.00 sec  1.66 MBytes  1.66 MBytes/sec  1205  
[  5] 388.00-389.00 sec  1.66 MBytes  1.66 MBytes/sec  1204  
[  5] 389.00-390.00 sec  1.66 MBytes  1.66 MBytes/sec  1205  
[  5] 390.00-391.00 sec  1.54 MBytes  1.54 MBytes/sec  1117  
[  5] 391.00-392.00 sec  1.26 MBytes  1.26 MBytes/sec  914  
[  5] 392.00-393.00 sec  1.26 MBytes  1.26 MBytes/sec  915  
[  5] 393.00-394.00 sec  1.26 MBytes  1.26 MBytes/sec  914  
[  5] 394.00-395.00 sec  1.26 MBytes  1.26 MBytes/sec  915  
[  5] 395.00-396.00 sec  1.27 MBytes  1.27 MBytes/sec  919  
[  5] 396.00-397.00 sec  1.29 MBytes  1.29 MBytes/sec  936  
[  5] 397.00-398.00 sec  1.29 MBytes  1.29 MBytes/sec  935  
[  5] 398.00-399.00 sec  1.29 MBytes  1.29 MBytes/sec  935  
[  5] 399.00-400.00 sec  1.29 MBytes  1.29 MBytes/sec  935  
[  5] 400.00-401.00 sec  1.31 MBytes  1.31 MBytes/sec  949  
[  5] 401.00-402.00 sec  1.42 MBytes  1.42 MBytes/sec  1026  
[  5] 402.00-403.00 sec  1.42 MBytes  1.42 MBytes/sec  1026  
[  5] 403.00-404.00 sec  1.42 MBytes  1.42 MBytes/sec  1025  
[  5] 404.00-405.00 sec  1.42 MBytes  1.42 MBytes/sec  1026  
[  5] 405.00-406.00 sec  1.55 MBytes  1.55 MBytes/sec  1119  
[  5] 406.00-407.00 sec  3.39 MBytes  3.39 MBytes/sec  2454  
[  5] 407.00-408.00 sec  3.39 MBytes  3.39 MBytes/sec  2453  
[  5] 408.00-409.00 sec  3.39 MBytes  3.39 MBytes/sec  2454  
[  5] 409.00-410.00 sec  3.39 MBytes  3.39 MBytes/sec  2453  
[  5] 410.00-411.00 sec  3.39 MBytes  3.39 MBytes/sec  2454  
[  5] 411.00-412.00 sec  2.67 MBytes  2.67 MBytes/sec  1933  
[  5] 412.00-413.00 sec  2.66 MBytes  2.66 MBytes/sec  1928  
[  5] 413.00-414.00 sec  2.66 MBytes  2.66 MBytes/sec  1928  
[  5] 414.00-415.00 sec  2.66 MBytes  2.66 MBytes/sec  1927  
[  5] 415.00-416.00 sec  2.66 MBytes  2.66 MBytes/sec  1928  
[  5] 416.00-417.00 sec  3.45 MBytes  3.45 MBytes/sec  2495  
[  5] 417.00-418.00 sec  3.57 MBytes  3.57 MBytes/sec  2583  
[  5] 418.00-419.00 sec  3.57 MBytes  3.57 MBytes/sec  2583  
[  5] 419.00-420.00 sec  3.57 MBytes  3.57 MBytes/sec  2583  
[  5] 420.00-421.00 sec  3.57 MBytes  3.57 MBytes/sec  2583  
[  5] 421.00-422.00 sec  3.62 MBytes  3.62 MBytes/sec  2625  
[  5] 422.00-423.00 sec  3.64 MBytes  3.64 MBytes/sec  2637  
[  5] 423.00-424.00 sec  3.64 MBytes  3.64 MBytes/sec  2637  
[  5] 424.00-425.00 sec  3.64 MBytes  3.64 MBytes/sec  2637  
[  5] 425.00-426.00 sec  3.64 MBytes  3.64 MBytes/sec  2637  
[  5] 426.00-427.00 sec  3.30 MBytes  3.30 MBytes/sec  2387  
[  5] 427.00-428.00 sec  3.12 MBytes  3.12 MBytes/sec  2261  
[  5] 428.00-429.00 sec  3.12 MBytes  3.12 MBytes/sec  2262  
[  5] 429.00-430.00 sec  3.12 MBytes  3.12 MBytes/sec  2261  
[  5] 430.00-431.00 sec  3.12 MBytes  3.12 MBytes/sec  2262  
[  5] 431.00-432.00 sec  2.96 MBytes  2.96 MBytes/sec  2143  
[  5] 432.00-433.00 sec  2.85 MBytes  2.85 MBytes/sec  2061  
[  5] 433.00-434.00 sec  2.85 MBytes  2.85 MBytes/sec  2061  
[  5] 434.00-435.00 sec  2.84 MBytes  2.84 MBytes/sec  2060  
[  5] 435.00-436.00 sec  2.85 MBytes  2.85 MBytes/sec  2061  
[  5] 436.00-437.00 sec  2.61 MBytes  2.61 MBytes/sec  1891  
[  5] 437.00-438.00 sec  2.33 MBytes  2.33 MBytes/sec  1688  
[  5] 438.00-439.00 sec  2.33 MBytes  2.33 MBytes/sec  1687  
[  5] 439.00-440.00 sec  2.33 MBytes  2.33 MBytes/sec  1687  
[  5] 440.00-441.00 sec  2.33 MBytes  2.33 MBytes/sec  1687  
[  5] 441.00-442.00 sec  2.50 MBytes  2.50 MBytes/sec  1808  
[  5] 442.00-443.00 sec  2.80 MBytes  2.80 MBytes/sec  2026  
[  5] 443.00-444.00 sec  2.80 MBytes  2.80 MBytes/sec  2026  
[  5] 444.00-445.00 sec  2.80 MBytes  2.80 MBytes/sec  2026  
[  5] 445.00-446.00 sec  2.80 MBytes  2.80 MBytes/sec  2026  
[  5] 446.00-447.00 sec  2.83 MBytes  2.83 MBytes/sec  2049  
[  5] 447.00-448.00 sec  2.94 MBytes  2.94 MBytes/sec  2128  
[  5] 448.00-449.00 sec  2.94 MBytes  2.94 MBytes/sec  2129  
[  5] 449.00-450.00 sec  2.94 MBytes  2.94 MBytes/sec  2128  
[  5] 450.00-451.00 sec  2.94 MBytes  2.94 MBytes/sec  2128  
[  5] 451.00-452.00 sec  2.80 MBytes  2.80 MBytes/sec  2025  
[  5] 452.00-453.00 sec  1.98 MBytes  1.98 MBytes/sec  1433  
[  5] 453.00-454.00 sec  1.98 MBytes  1.98 MBytes/sec  1432  
[  5] 454.00-455.00 sec  1.98 MBytes  1.98 MBytes/sec  1433  
[  5] 455.00-456.00 sec  1.98 MBytes  1.98 MBytes/sec  1432  
[  5] 456.00-457.00 sec  1.98 MBytes  1.98 MBytes/sec  1432  
[  5] 457.00-458.00 sec  1.96 MBytes  1.96 MBytes/sec  1422  
[  5] 458.00-459.00 sec  1.96 MBytes  1.96 MBytes/sec  1421  
[  5] 459.00-460.00 sec  1.96 MBytes  1.96 MBytes/sec  1422  
[  5] 460.00-461.00 sec  1.96 MBytes  1.96 MBytes/sec  1421  
[  5] 461.00-462.00 sec  1.97 MBytes  1.97 MBytes/sec  1424  
[  5] 462.00-463.00 sec  2.48 MBytes  2.48 MBytes/sec  1799  
[  5] 463.00-464.00 sec  2.48 MBytes  2.48 MBytes/sec  1798  
[  5] 464.00-465.00 sec  2.48 MBytes  2.48 MBytes/sec  1798  
[  5] 465.00-466.00 sec  2.48 MBytes  2.48 MBytes/sec  1799  
[  5] 466.00-467.00 sec  2.48 MBytes  2.48 MBytes/sec  1798  
[  5] 467.00-468.00 sec  3.08 MBytes  3.08 MBytes/sec  2230  
[  5] 468.00-469.00 sec  3.14 MBytes  3.14 MBytes/sec  2275  
[  5] 469.00-470.00 sec  3.14 MBytes  3.14 MBytes/sec  2276  
[  5] 470.00-471.00 sec  3.14 MBytes  3.14 MBytes/sec  2275  
[  5] 471.00-472.00 sec  3.14 MBytes  3.14 MBytes/sec  2276  
[  5] 472.00-473.00 sec  3.76 MBytes  3.76 MBytes/sec  2722  
[  5] 473.00-474.00 sec  3.90 MBytes  3.90 MBytes/sec  2823  
[  5] 474.00-475.00 sec  3.90 MBytes  3.90 MBytes/sec  2823  
[  5] 475.00-476.00 sec  3.90 MBytes  3.90 MBytes/sec  2823  
[  5] 476.00-477.00 sec  3.90 MBytes  3.90 MBytes/sec  2824  
[  5] 477.00-478.00 sec  3.73 MBytes  3.73 MBytes/sec  2700  
[  5] 478.00-479.00 sec  3.67 MBytes  3.67 MBytes/sec  2658  
[  5] 479.00-480.00 sec  3.67 MBytes  3.67 MBytes/sec  2658  
[  5] 480.00-481.00 sec  3.67 MBytes  3.67 MBytes/sec  2658  
[  5] 481.00-482.00 sec  3.67 MBytes  3.67 MBytes/sec  2657  
[  5] 482.00-483.00 sec  2.18 MBytes  2.18 MBytes/sec  1580  
[  5] 483.00-484.00 sec  1.47 MBytes  1.47 MBytes/sec  1067  
[  5] 484.00-485.00 sec  1.47 MBytes  1.47 MBytes/sec  1066  
[  5] 485.00-486.00 sec  1.47 MBytes  1.47 MBytes/sec  1067  
[  5] 486.00-487.00 sec  1.47 MBytes  1.47 MBytes/sec  1066  
[  5] 487.00-488.00 sec  1.24 MBytes  1.24 MBytes/sec  895  
[  5] 488.00-489.00 sec  1.08 MBytes  1.08 MBytes/sec  785  
[  5] 489.00-490.00 sec  1.08 MBytes  1.08 MBytes/sec  785  
[  5] 490.00-491.00 sec  1.08 MBytes  1.08 MBytes/sec  784  
[  5] 491.00-492.00 sec  1.08 MBytes  1.08 MBytes/sec  785  
[  5] 492.00-493.00 sec  2.20 MBytes  2.20 MBytes/sec  1592  
[  5] 493.00-494.00 sec  3.12 MBytes  3.12 MBytes/sec  2261  
[  5] 494.00-495.00 sec  3.12 MBytes  3.12 MBytes/sec  2261  
[  5] 495.00-496.00 sec  3.12 MBytes  3.12 MBytes/sec  2261  
[  5] 496.00-497.00 sec  3.12 MBytes  3.12 MBytes/sec  2261  
[  5] 497.00-498.00 sec  3.28 MBytes  3.28 MBytes/sec  2378  
[  5] 498.00-499.00 sec  3.45 MBytes  3.45 MBytes/sec  2496  
[  5] 499.00-500.00 sec  3.45 MBytes  3.45 MBytes/sec  2495  
- - - - - - - - - - - - - - - - - - - - - - - - -
[ ID] Interval           Transfer     Bitrate         Jitter    Lost/Total Datagrams
[  5]   0.00-500.00 sec  1.49 GBytes  3.06 MBytes/sec  0.000 ms  0/1107590 (0%)  sender
[  5]   0.00-500.05 sec  1.49 GBytes  3.06 MBytes/sec  0.041 ms  49/1107590 (0.0044%)  receiver

iperf Done.
