Connecting to host 192.168.88.241, port 5201
[  5] local 192.168.88.250 port 39979 connected to 192.168.88.241 port 5201
[ ID] Interval           Transfer     Bitrate         Total Datagrams
[  5]   0.00-1.00   sec  3.83 MBytes  3.83 MBytes/sec  2770  
[  5]   1.00-2.00   sec  3.76 MBytes  3.76 MBytes/sec  2720  
[  5]   2.00-3.00   sec  3.76 MBytes  3.76 MBytes/sec  2721  
[  5]   3.00-4.00   sec  3.76 MBytes  3.76 MBytes/sec  2723  
[  5]   4.00-5.00   sec  3.76 MBytes  3.76 MBytes/sec  2722  
[  5]   5.00-6.00   sec  3.76 MBytes  3.76 MBytes/sec  2723  
[  5]   6.00-7.00   sec  3.76 MBytes  3.76 MBytes/sec  2722  
[  5]   7.00-8.00   sec  3.76 MBytes  3.76 MBytes/sec  2723  
[  5]   8.00-9.00   sec  3.76 MBytes  3.76 MBytes/sec  2722  
[  5]   9.00-10.00  sec  3.76 MBytes  3.76 MBytes/sec  2723  
[  5]  10.00-11.00  sec  2.05 MBytes  2.05 MBytes/sec  1485  
[  5]  11.00-12.00  sec  1.97 MBytes  1.97 MBytes/sec  1424  
[  5]  12.00-13.00  sec  1.97 MBytes  1.97 MBytes/sec  1425  
[  5]  13.00-14.00  sec  1.97 MBytes  1.97 MBytes/sec  1424  
[  5]  14.00-15.00  sec  1.97 MBytes  1.97 MBytes/sec  1425  
[  5]  15.00-16.00  sec  1.97 MBytes  1.97 MBytes/sec  1424  
[  5]  16.00-17.00  sec  1.97 MBytes  1.97 MBytes/sec  1425  
[  5]  17.00-18.00  sec  1.97 MBytes  1.97 MBytes/sec  1425  
[  5]  18.00-19.00  sec  1.97 MBytes  1.97 MBytes/sec  1424  
[  5]  19.00-20.00  sec  1.97 MBytes  1.97 MBytes/sec  1425  
[  5]  20.00-21.00  sec  3.75 MBytes  3.75 MBytes/sec  2716  
[  5]  21.00-22.00  sec  3.97 MBytes  3.97 MBytes/sec  2877  
[  5]  22.00-23.00  sec  3.97 MBytes  3.97 MBytes/sec  2877  
[  5]  23.00-24.00  sec  3.97 MBytes  3.97 MBytes/sec  2877  
[  5]  24.00-25.00  sec  3.97 MBytes  3.97 MBytes/sec  2876  
[  5]  25.00-26.00  sec  3.97 MBytes  3.97 MBytes/sec  2877  
[  5]  26.00-27.00  sec  3.97 MBytes  3.97 MBytes/sec  2877  
[  5]  27.00-28.00  sec  3.97 MBytes  3.97 MBytes/sec  2877  
[  5]  28.00-29.00  sec  3.97 MBytes  3.97 MBytes/sec  2877  
[  5]  29.00-30.00  sec  3.97 MBytes  3.97 MBytes/sec  2877  
[  5]  30.00-31.00  sec  4.44 MBytes  4.44 MBytes/sec  3215  
[  5]  31.00-32.00  sec  4.55 MBytes  4.55 MBytes/sec  3297  
[  5]  32.00-33.00  sec  4.55 MBytes  4.55 MBytes/sec  3297  
[  5]  33.00-34.00  sec  4.55 MBytes  4.55 MBytes/sec  3297  
[  5]  34.00-35.00  sec  4.55 MBytes  4.55 MBytes/sec  3296  
[  5]  35.00-36.00  sec  4.55 MBytes  4.55 MBytes/sec  3297  
[  5]  36.00-37.00  sec  4.55 MBytes  4.55 MBytes/sec  3297  
[  5]  37.00-38.00  sec  4.55 MBytes  4.55 MBytes/sec  3297  
[  5]  38.00-39.00  sec  4.55 MBytes  4.55 MBytes/sec  3297  
[  5]  39.00-40.00  sec  4.55 MBytes  4.55 MBytes/sec  3297  
[  5]  40.00-41.00  sec  5.24 MBytes  5.24 MBytes/sec  3798  
[  5]  41.00-42.00  sec  5.52 MBytes  5.52 MBytes/sec  3996  
[  5]  42.00-43.00  sec  5.52 MBytes  5.52 MBytes/sec  3996  
[  5]  43.00-44.00  sec  5.52 MBytes  5.52 MBytes/sec  3996  
[  5]  44.00-45.00  sec  5.52 MBytes  5.52 MBytes/sec  3996  
[  5]  45.00-46.00  sec  5.52 MBytes  5.52 MBytes/sec  3996  
[  5]  46.00-47.00  sec  5.52 MBytes  5.52 MBytes/sec  3996  
[  5]  47.00-48.00  sec  5.52 MBytes  5.52 MBytes/sec  3996  
[  5]  48.00-49.00  sec  5.52 MBytes  5.52 MBytes/sec  3996  
[  5]  49.00-50.00  sec  5.52 MBytes  5.52 MBytes/sec  3996  
[  5]  50.00-51.00  sec  5.65 MBytes  5.65 MBytes/sec  4092  
[  5]  51.00-52.00  sec  5.73 MBytes  5.73 MBytes/sec  4146  
[  5]  52.00-53.00  sec  5.73 MBytes  5.73 MBytes/sec  4147  
[  5]  53.00-54.00  sec  5.73 MBytes  5.73 MBytes/sec  4147  
[  5]  54.00-55.00  sec  5.73 MBytes  5.73 MBytes/sec  4147  
[  5]  55.00-56.00  sec  5.73 MBytes  5.73 MBytes/sec  4147  
[  5]  56.00-57.00  sec  5.73 MBytes  5.73 MBytes/sec  4147  
[  5]  57.00-58.00  sec  5.73 MBytes  5.73 MBytes/sec  4147  
[  5]  58.00-59.00  sec  5.73 MBytes  5.73 MBytes/sec  4147  
[  5]  59.00-60.00  sec  5.73 MBytes  5.73 MBytes/sec  4147  
[  5]  60.00-61.00  sec  5.46 MBytes  5.46 MBytes/sec  3953  
[  5]  61.00-62.00  sec  5.25 MBytes  5.25 MBytes/sec  3805  
[  5]  62.00-63.00  sec  5.25 MBytes  5.25 MBytes/sec  3804  
[  5]  63.00-64.00  sec  5.25 MBytes  5.25 MBytes/sec  3805  
[  5]  64.00-65.00  sec  5.25 MBytes  5.25 MBytes/sec  3804  
[  5]  65.00-66.00  sec  5.25 MBytes  5.25 MBytes/sec  3804  
[  5]  66.00-67.00  sec  5.25 MBytes  5.25 MBytes/sec  3805  
[  5]  67.00-68.00  sec  5.25 MBytes  5.25 MBytes/sec  3805  
[  5]  68.00-69.00  sec  5.25 MBytes  5.25 MBytes/sec  3804  
[  5]  69.00-70.00  sec  5.25 MBytes  5.25 MBytes/sec  3805  
[  5]  70.00-71.00  sec  4.70 MBytes  4.69 MBytes/sec  3400  
[  5]  71.00-72.00  sec  4.14 MBytes  4.14 MBytes/sec  2997  
[  5]  72.00-73.00  sec  4.14 MBytes  4.14 MBytes/sec  2997  
[  5]  73.00-74.00  sec  4.14 MBytes  4.14 MBytes/sec  2997  
[  5]  74.00-75.00  sec  4.14 MBytes  4.14 MBytes/sec  2997  
[  5]  75.00-76.00  sec  4.14 MBytes  4.14 MBytes/sec  2997  
[  5]  76.00-77.00  sec  4.14 MBytes  4.14 MBytes/sec  2998  
[  5]  77.00-78.00  sec  4.14 MBytes  4.14 MBytes/sec  2997  
[  5]  78.00-79.00  sec  4.14 MBytes  4.14 MBytes/sec  2997  
[  5]  79.00-80.00  sec  4.14 MBytes  4.14 MBytes/sec  2997  
[  5]  80.00-81.00  sec  4.04 MBytes  4.04 MBytes/sec  2929  
[  5]  81.00-82.00  sec  3.91 MBytes  3.91 MBytes/sec  2834  
[  5]  82.00-83.00  sec  3.91 MBytes  3.91 MBytes/sec  2833  
[  5]  83.00-84.00  sec  3.91 MBytes  3.91 MBytes/sec  2834  
[  5]  84.00-85.00  sec  3.91 MBytes  3.91 MBytes/sec  2833  
[  5]  85.00-86.00  sec  3.91 MBytes  3.91 MBytes/sec  2833  
[  5]  86.00-87.00  sec  3.91 MBytes  3.91 MBytes/sec  2834  
[  5]  87.00-88.00  sec  3.91 MBytes  3.91 MBytes/sec  2833  
[  5]  88.00-89.00  sec  3.91 MBytes  3.91 MBytes/sec  2834  
[  5]  89.00-90.00  sec  3.91 MBytes  3.91 MBytes/sec  2833  
[  5]  90.00-91.00  sec  3.72 MBytes  3.72 MBytes/sec  2694  
[  5]  91.00-92.00  sec  3.39 MBytes  3.39 MBytes/sec  2452  
[  5]  92.00-93.00  sec  3.39 MBytes  3.39 MBytes/sec  2452  
[  5]  93.00-94.00  sec  3.39 MBytes  3.39 MBytes/sec  2453  
[  5]  94.00-95.00  sec  3.39 MBytes  3.39 MBytes/sec  2452  
[  5]  95.00-96.00  sec  3.39 MBytes  3.39 MBytes/sec  2452  
[  5]  96.00-97.00  sec  3.39 MBytes  3.39 MBytes/sec  2452  
[  5]  97.00-98.00  sec  3.39 MBytes  3.39 MBytes/sec  2452  
[  5]  98.00-99.00  sec  3.39 MBytes  3.39 MBytes/sec  2452  
[  5]  99.00-100.00 sec  3.39 MBytes  3.39 MBytes/sec  2452  
[  5] 100.00-101.00 sec  3.28 MBytes  3.28 MBytes/sec  2374  
[  5] 101.00-102.00 sec  3.03 MBytes  3.03 MBytes/sec  2192  
[  5] 102.00-103.00 sec  3.03 MBytes  3.03 MBytes/sec  2192  
[  5] 103.00-104.00 sec  3.03 MBytes  3.03 MBytes/sec  2191  
[  5] 104.00-105.00 sec  3.03 MBytes  3.03 MBytes/sec  2192  
[  5] 105.00-106.00 sec  3.03 MBytes  3.03 MBytes/sec  2192  
[  5] 106.00-107.00 sec  3.03 MBytes  3.03 MBytes/sec  2192  
[  5] 107.00-108.00 sec  3.03 MBytes  3.03 MBytes/sec  2192  
[  5] 108.00-109.00 sec  3.03 MBytes  3.03 MBytes/sec  2192  
[  5] 109.00-110.00 sec  3.03 MBytes  3.03 MBytes/sec  2191  
[  5] 110.00-111.00 sec  3.04 MBytes  3.04 MBytes/sec  2203  
[  5] 111.00-112.00 sec  3.10 MBytes  3.10 MBytes/sec  2242  
[  5] 112.00-113.00 sec  3.10 MBytes  3.10 MBytes/sec  2242  
[  5] 113.00-114.00 sec  3.09 MBytes  3.09 MBytes/sec  2241  
[  5] 114.00-115.00 sec  3.10 MBytes  3.10 MBytes/sec  2242  
[  5] 115.00-116.00 sec  3.10 MBytes  3.10 MBytes/sec  2242  
[  5] 116.00-117.00 sec  3.10 MBytes  3.10 MBytes/sec  2242  
[  5] 117.00-118.00 sec  3.09 MBytes  3.09 MBytes/sec  2241  
[  5] 118.00-119.00 sec  3.10 MBytes  3.10 MBytes/sec  2242  
[  5] 119.00-120.00 sec  3.10 MBytes  3.10 MBytes/sec  2242  
[  5] 120.00-121.00 sec  3.26 MBytes  3.26 MBytes/sec  2362  
[  5] 121.00-122.00 sec  4.27 MBytes  4.27 MBytes/sec  3090  
[  5] 122.00-123.00 sec  4.27 MBytes  4.27 MBytes/sec  3091  
[  5] 123.00-124.00 sec  4.27 MBytes  4.27 MBytes/sec  3090  
[  5] 124.00-125.00 sec  4.27 MBytes  4.27 MBytes/sec  3090  
[  5] 125.00-126.00 sec  4.27 MBytes  4.27 MBytes/sec  3091  
[  5] 126.00-127.00 sec  4.27 MBytes  4.27 MBytes/sec  3090  
[  5] 127.00-128.00 sec  4.27 MBytes  4.27 MBytes/sec  3090  
[  5] 128.00-129.00 sec  4.27 MBytes  4.27 MBytes/sec  3091  
[  5] 129.00-130.00 sec  4.27 MBytes  4.27 MBytes/sec  3090  
[  5] 130.00-131.00 sec  4.24 MBytes  4.24 MBytes/sec  3074  
[  5] 131.00-132.00 sec  3.95 MBytes  3.95 MBytes/sec  2862  
[  5] 132.00-133.00 sec  3.95 MBytes  3.95 MBytes/sec  2861  
[  5] 133.00-134.00 sec  3.95 MBytes  3.95 MBytes/sec  2862  
[  5] 134.00-135.00 sec  3.95 MBytes  3.95 MBytes/sec  2861  
[  5] 135.00-136.00 sec  3.95 MBytes  3.95 MBytes/sec  2862  
[  5] 136.00-137.00 sec  3.95 MBytes  3.95 MBytes/sec  2861  
[  5] 137.00-138.00 sec  3.95 MBytes  3.95 MBytes/sec  2862  
[  5] 138.00-139.00 sec  3.95 MBytes  3.95 MBytes/sec  2862  
[  5] 139.00-140.00 sec  3.95 MBytes  3.95 MBytes/sec  2861  
[  5] 140.00-141.00 sec  3.94 MBytes  3.94 MBytes/sec  2854  
[  5] 141.00-142.00 sec  3.34 MBytes  3.34 MBytes/sec  2422  
[  5] 142.00-143.00 sec  3.34 MBytes  3.34 MBytes/sec  2421  
[  5] 143.00-144.00 sec  3.34 MBytes  3.34 MBytes/sec  2422  
[  5] 144.00-145.00 sec  3.34 MBytes  3.34 MBytes/sec  2422  
[  5] 145.00-146.00 sec  3.34 MBytes  3.34 MBytes/sec  2421  
[  5] 146.00-147.00 sec  3.34 MBytes  3.34 MBytes/sec  2422  
[  5] 147.00-148.00 sec  3.34 MBytes  3.34 MBytes/sec  2422  
[  5] 148.00-149.00 sec  3.34 MBytes  3.34 MBytes/sec  2421  
[  5] 149.00-150.00 sec  3.34 MBytes  3.34 MBytes/sec  2422  
[  5] 150.00-151.00 sec  3.34 MBytes  3.34 MBytes/sec  2422  
[  5] 151.00-152.00 sec  4.08 MBytes  4.08 MBytes/sec  2958  
[  5] 152.00-153.00 sec  4.14 MBytes  4.14 MBytes/sec  2998  
[  5] 153.00-154.00 sec  4.14 MBytes  4.14 MBytes/sec  2999  
[  5] 154.00-155.00 sec  4.14 MBytes  4.14 MBytes/sec  2999  
[  5] 155.00-156.00 sec  4.14 MBytes  4.14 MBytes/sec  2999  
[  5] 156.00-157.00 sec  4.14 MBytes  4.14 MBytes/sec  2998  
[  5] 157.00-158.00 sec  4.14 MBytes  4.14 MBytes/sec  2999  
[  5] 158.00-159.00 sec  4.14 MBytes  4.14 MBytes/sec  2999  
[  5] 159.00-160.00 sec  4.14 MBytes  4.14 MBytes/sec  2999  
[  5] 160.00-161.00 sec  4.14 MBytes  4.14 MBytes/sec  2998  
[  5] 161.00-162.00 sec  4.82 MBytes  4.82 MBytes/sec  3493  
[  5] 162.00-163.00 sec  4.94 MBytes  4.94 MBytes/sec  3579  
[  5] 163.00-164.00 sec  4.94 MBytes  4.94 MBytes/sec  3580  
[  5] 164.00-165.00 sec  4.94 MBytes  4.94 MBytes/sec  3580  
[  5] 165.00-166.00 sec  4.94 MBytes  4.94 MBytes/sec  3580  
[  5] 166.00-167.00 sec  4.94 MBytes  4.94 MBytes/sec  3580  
[  5] 167.00-168.00 sec  4.94 MBytes  4.94 MBytes/sec  3580  
[  5] 168.00-169.00 sec  4.94 MBytes  4.94 MBytes/sec  3580  
[  5] 169.00-170.00 sec  4.94 MBytes  4.94 MBytes/sec  3580  
[  5] 170.00-171.00 sec  4.94 MBytes  4.94 MBytes/sec  3580  
[  5] 171.00-172.00 sec  4.69 MBytes  4.69 MBytes/sec  3398  
[  5] 172.00-173.00 sec  4.61 MBytes  4.61 MBytes/sec  3338  
[  5] 173.00-174.00 sec  4.61 MBytes  4.61 MBytes/sec  3339  
[  5] 174.00-175.00 sec  4.61 MBytes  4.61 MBytes/sec  3338  
[  5] 175.00-176.00 sec  4.61 MBytes  4.61 MBytes/sec  3339  
[  5] 176.00-177.00 sec  4.61 MBytes  4.61 MBytes/sec  3338  
[  5] 177.00-178.00 sec  4.61 MBytes  4.61 MBytes/sec  3339  
[  5] 178.00-179.00 sec  4.61 MBytes  4.61 MBytes/sec  3338  
[  5] 179.00-180.00 sec  4.61 MBytes  4.61 MBytes/sec  3339  
[  5] 180.00-181.00 sec  4.61 MBytes  4.61 MBytes/sec  3338  
[  5] 181.00-182.00 sec  3.80 MBytes  3.80 MBytes/sec  2755  
[  5] 182.00-183.00 sec  3.42 MBytes  3.42 MBytes/sec  2474  
[  5] 183.00-184.00 sec  3.42 MBytes  3.42 MBytes/sec  2476  
[  5] 184.00-185.00 sec  3.42 MBytes  3.42 MBytes/sec  2476  
[  5] 185.00-186.00 sec  3.42 MBytes  3.42 MBytes/sec  2478  
[  5] 186.00-187.00 sec  3.42 MBytes  3.42 MBytes/sec  2480  
[  5] 187.00-188.00 sec  3.42 MBytes  3.42 MBytes/sec  2479  
[  5] 188.00-189.00 sec  3.42 MBytes  3.42 MBytes/sec  2479  
[  5] 189.00-190.00 sec  3.42 MBytes  3.42 MBytes/sec  2479  
[  5] 190.00-191.00 sec  3.42 MBytes  3.42 MBytes/sec  2478  
[  5] 191.00-192.00 sec  2.56 MBytes  2.56 MBytes/sec  1852  
[  5] 192.00-193.00 sec  2.02 MBytes  2.02 MBytes/sec  1464  
[  5] 193.00-194.00 sec  2.02 MBytes  2.02 MBytes/sec  1464  
[  5] 194.00-195.00 sec  2.02 MBytes  2.02 MBytes/sec  1464  
[  5] 195.00-196.00 sec  2.02 MBytes  2.02 MBytes/sec  1464  
[  5] 196.00-197.00 sec  2.02 MBytes  2.02 MBytes/sec  1464  
[  5] 197.00-198.00 sec  2.02 MBytes  2.02 MBytes/sec  1464  
[  5] 198.00-199.00 sec  2.02 MBytes  2.02 MBytes/sec  1464  
[  5] 199.00-200.00 sec  2.02 MBytes  2.02 MBytes/sec  1464  
[  5] 200.00-201.00 sec  2.02 MBytes  2.02 MBytes/sec  1464  
[  5] 201.00-202.00 sec  1.55 MBytes  1.55 MBytes/sec  1125  
[  5] 202.00-203.00 sec  1.14 MBytes  1.14 MBytes/sec  824  
[  5] 203.00-204.00 sec  1.14 MBytes  1.14 MBytes/sec  824  
[  5] 204.00-205.00 sec  1.14 MBytes  1.14 MBytes/sec  824  
[  5] 205.00-206.00 sec  1.14 MBytes  1.14 MBytes/sec  824  
[  5] 206.00-207.00 sec  1.14 MBytes  1.14 MBytes/sec  823  
[  5] 207.00-208.00 sec  1.14 MBytes  1.14 MBytes/sec  824  
[  5] 208.00-209.00 sec  1.14 MBytes  1.14 MBytes/sec  824  
[  5] 209.00-210.00 sec  1.14 MBytes  1.14 MBytes/sec  824  
[  5] 210.00-211.00 sec  1.14 MBytes  1.14 MBytes/sec  824  
[  5] 211.00-212.00 sec  1.04 MBytes  1.04 MBytes/sec  753  
[  5] 212.00-213.00 sec   938 KBytes  0.92 MBytes/sec  663  
[  5] 213.00-214.00 sec   936 KBytes  0.91 MBytes/sec  662  
[  5] 214.00-215.00 sec   938 KBytes  0.92 MBytes/sec  663  
[  5] 215.00-216.00 sec   938 KBytes  0.92 MBytes/sec  663  
[  5] 216.00-217.00 sec   936 KBytes  0.91 MBytes/sec  662  
[  5] 217.00-218.00 sec   938 KBytes  0.92 MBytes/sec  663  
[  5] 218.00-219.00 sec   936 KBytes  0.91 MBytes/sec  662  
[  5] 219.00-220.00 sec   938 KBytes  0.92 MBytes/sec  663  
[  5] 220.00-221.00 sec   938 KBytes  0.92 MBytes/sec  663  
[  5] 221.00-222.00 sec   765 KBytes  0.75 MBytes/sec  541  
[  5] 222.00-223.00 sec   440 KBytes  0.43 MBytes/sec  311  
[  5] 223.00-224.00 sec   440 KBytes  0.43 MBytes/sec  311  
[  5] 224.00-225.00 sec   440 KBytes  0.43 MBytes/sec  311  
[  5] 225.00-226.00 sec   440 KBytes  0.43 MBytes/sec  311  
[  5] 226.00-227.00 sec   440 KBytes  0.43 MBytes/sec  311  
[  5] 227.00-228.00 sec   441 KBytes  0.43 MBytes/sec  312  
[  5] 228.00-229.00 sec   440 KBytes  0.43 MBytes/sec  311  
[  5] 229.00-230.00 sec   440 KBytes  0.43 MBytes/sec  311  
[  5] 230.00-231.00 sec   440 KBytes  0.43 MBytes/sec  311  
[  5] 231.00-232.00 sec   404 KBytes  0.39 MBytes/sec  286  
[  5] 232.00-233.00 sec   291 KBytes  0.28 MBytes/sec  206  
[  5] 233.00-234.00 sec   291 KBytes  0.28 MBytes/sec  206  
[  5] 234.00-235.00 sec   290 KBytes  0.28 MBytes/sec  205  
[  5] 235.00-236.00 sec   291 KBytes  0.28 MBytes/sec  206  
[  5] 236.00-237.00 sec   291 KBytes  0.28 MBytes/sec  206  
[  5] 237.00-238.00 sec   290 KBytes  0.28 MBytes/sec  205  
[  5] 238.00-239.00 sec   291 KBytes  0.28 MBytes/sec  206  
[  5] 239.00-240.00 sec   290 KBytes  0.28 MBytes/sec  205  
[  5] 240.00-241.00 sec   291 KBytes  0.28 MBytes/sec  206  
[  5] 241.00-242.00 sec   284 KBytes  0.28 MBytes/sec  201  
[  5] 242.00-243.00 sec   249 KBytes  0.24 MBytes/sec  176  
[  5] 243.00-244.00 sec   249 KBytes  0.24 MBytes/sec  176  
[  5] 244.00-245.00 sec   249 KBytes  0.24 MBytes/sec  176  
[  5] 245.00-246.00 sec   247 KBytes  0.24 MBytes/sec  175  
[  5] 246.00-247.00 sec   249 KBytes  0.24 MBytes/sec  176  
[  5] 247.00-248.00 sec   249 KBytes  0.24 MBytes/sec  176  
[  5] 248.00-249.00 sec   247 KBytes  0.24 MBytes/sec  175  
[  5] 249.00-250.00 sec   249 KBytes  0.24 MBytes/sec  176  
[  5] 250.00-251.00 sec   249 KBytes  0.24 MBytes/sec  176  
[  5] 251.00-252.00 sec   286 KBytes  0.28 MBytes/sec  202  
[  5] 252.00-253.00 sec   976 KBytes  0.95 MBytes/sec  690  
[  5] 253.00-254.00 sec   976 KBytes  0.95 MBytes/sec  690  
[  5] 254.00-255.00 sec   977 KBytes  0.95 MBytes/sec  691  
[  5] 255.00-256.00 sec   976 KBytes  0.95 MBytes/sec  690  
[  5] 256.00-257.00 sec   977 KBytes  0.95 MBytes/sec  691  
[  5] 257.00-258.00 sec   976 KBytes  0.95 MBytes/sec  690  
[  5] 258.00-259.00 sec   977 KBytes  0.95 MBytes/sec  691  
[  5] 259.00-260.00 sec   976 KBytes  0.95 MBytes/sec  690  
[  5] 260.00-261.00 sec   977 KBytes  0.95 MBytes/sec  691  
[  5] 261.00-262.00 sec   976 KBytes  0.95 MBytes/sec  690  
[  5] 262.00-263.00 sec  1.14 MBytes  1.14 MBytes/sec  824  
[  5] 263.00-264.00 sec  1.14 MBytes  1.14 MBytes/sec  828  
[  5] 264.00-265.00 sec  1.14 MBytes  1.14 MBytes/sec  828  
[  5] 265.00-266.00 sec  1.14 MBytes  1.14 MBytes/sec  829  
[  5] 266.00-267.00 sec  1.14 MBytes  1.14 MBytes/sec  828  
[  5] 267.00-268.00 sec  1.14 MBytes  1.14 MBytes/sec  828  
[  5] 268.00-269.00 sec  1.14 MBytes  1.14 MBytes/sec  828  
[  5] 269.00-270.00 sec  1.14 MBytes  1.14 MBytes/sec  829  
[  5] 270.00-271.00 sec  1.14 MBytes  1.14 MBytes/sec  828  
[  5] 271.00-272.00 sec  1.14 MBytes  1.14 MBytes/sec  828  
[  5] 272.00-273.00 sec   660 KBytes  0.64 MBytes/sec  467  
[  5] 273.00-274.00 sec   591 KBytes  0.58 MBytes/sec  418  
[  5] 274.00-275.00 sec   591 KBytes  0.58 MBytes/sec  418  
[  5] 275.00-276.00 sec   591 KBytes  0.58 MBytes/sec  418  
[  5] 276.00-277.00 sec   592 KBytes  0.58 MBytes/sec  419  
[  5] 277.00-278.00 sec   591 KBytes  0.58 MBytes/sec  418  
[  5] 278.00-279.00 sec   591 KBytes  0.58 MBytes/sec  418  
[  5] 279.00-280.00 sec   592 KBytes  0.58 MBytes/sec  419  
[  5] 280.00-281.00 sec   591 KBytes  0.58 MBytes/sec  418  
[  5] 281.00-282.00 sec   591 KBytes  0.58 MBytes/sec  418  
[  5] 282.00-283.00 sec  2.07 MBytes  2.07 MBytes/sec  1496  
[  5] 283.00-284.00 sec  2.59 MBytes  2.59 MBytes/sec  1873  
[  5] 284.00-285.00 sec  2.59 MBytes  2.58 MBytes/sec  1872  
[  5] 285.00-286.00 sec  2.59 MBytes  2.59 MBytes/sec  1873  
[  5] 286.00-287.00 sec  2.59 MBytes  2.59 MBytes/sec  1873  
[  5] 287.00-288.00 sec  2.59 MBytes  2.59 MBytes/sec  1872  
[  5] 288.00-289.00 sec  2.59 MBytes  2.59 MBytes/sec  1873  
[  5] 289.00-290.00 sec  2.59 MBytes  2.59 MBytes/sec  1873  
[  5] 290.00-291.00 sec  2.59 MBytes  2.58 MBytes/sec  1872  
[  5] 291.00-292.00 sec  2.59 MBytes  2.59 MBytes/sec  1873  
[  5] 292.00-293.00 sec  2.97 MBytes  2.97 MBytes/sec  2150  
[  5] 293.00-294.00 sec  3.17 MBytes  3.17 MBytes/sec  2295  
[  5] 294.00-295.00 sec  3.17 MBytes  3.17 MBytes/sec  2296  
[  5] 295.00-296.00 sec  3.17 MBytes  3.17 MBytes/sec  2296  
[  5] 296.00-297.00 sec  3.17 MBytes  3.17 MBytes/sec  2296  
[  5] 297.00-298.00 sec  3.17 MBytes  3.17 MBytes/sec  2296  
[  5] 298.00-299.00 sec  3.17 MBytes  3.17 MBytes/sec  2296  
[  5] 299.00-300.00 sec  3.17 MBytes  3.17 MBytes/sec  2295  
[  5] 300.00-301.00 sec  3.17 MBytes  3.17 MBytes/sec  2296  
[  5] 301.00-302.00 sec  3.17 MBytes  3.17 MBytes/sec  2296  
[  5] 302.00-303.00 sec  3.70 MBytes  3.70 MBytes/sec  2680  
[  5] 303.00-304.00 sec  4.07 MBytes  4.07 MBytes/sec  2944  
[  5] 304.00-305.00 sec  4.07 MBytes  4.07 MBytes/sec  2944  
[  5] 305.00-306.00 sec  4.06 MBytes  4.06 MBytes/sec  2943  
[  5] 306.00-307.00 sec  4.07 MBytes  4.07 MBytes/sec  2944  
[  5] 307.00-308.00 sec  4.06 MBytes  4.06 MBytes/sec  2943  
[  5] 308.00-309.00 sec  4.07 MBytes  4.07 MBytes/sec  2944  
[  5] 309.00-310.00 sec  4.07 MBytes  4.07 MBytes/sec  2944  
[  5] 310.00-311.00 sec  4.07 MBytes  4.07 MBytes/sec  2944  
[  5] 311.00-312.00 sec  4.06 MBytes  4.06 MBytes/sec  2943  
[  5] 312.00-313.00 sec  4.08 MBytes  4.08 MBytes/sec  2956  
[  5] 313.00-314.00 sec  4.10 MBytes  4.10 MBytes/sec  2968  
[  5] 314.00-315.00 sec  4.10 MBytes  4.10 MBytes/sec  2967  
[  5] 315.00-316.00 sec  4.10 MBytes  4.10 MBytes/sec  2967  
[  5] 316.00-317.00 sec  4.10 MBytes  4.10 MBytes/sec  2967  
[  5] 317.00-318.00 sec  4.10 MBytes  4.10 MBytes/sec  2968  
[  5] 318.00-319.00 sec  4.10 MBytes  4.10 MBytes/sec  2967  
[  5] 319.00-320.00 sec  4.10 MBytes  4.10 MBytes/sec  2967  
[  5] 320.00-321.00 sec  4.10 MBytes  4.10 MBytes/sec  2968  
[  5] 321.00-322.00 sec  4.10 MBytes  4.10 MBytes/sec  2967  
[  5] 322.00-323.00 sec  4.17 MBytes  4.17 MBytes/sec  3020  
[  5] 323.00-324.00 sec  4.26 MBytes  4.26 MBytes/sec  3087  
[  5] 324.00-325.00 sec  4.26 MBytes  4.26 MBytes/sec  3087  
[  5] 325.00-326.00 sec  4.26 MBytes  4.26 MBytes/sec  3087  
[  5] 326.00-327.00 sec  4.26 MBytes  4.26 MBytes/sec  3087  
[  5] 327.00-328.00 sec  4.26 MBytes  4.26 MBytes/sec  3087  
[  5] 328.00-329.00 sec  4.26 MBytes  4.26 MBytes/sec  3087  
[  5] 329.00-330.00 sec  4.26 MBytes  4.26 MBytes/sec  3087  
[  5] 330.00-331.00 sec  4.26 MBytes  4.26 MBytes/sec  3087  
[  5] 331.00-332.00 sec  4.26 MBytes  4.26 MBytes/sec  3087  
[  5] 332.00-333.00 sec  4.00 MBytes  4.00 MBytes/sec  2898  
[  5] 333.00-334.00 sec  3.55 MBytes  3.55 MBytes/sec  2570  
[  5] 334.00-335.00 sec  3.55 MBytes  3.55 MBytes/sec  2569  
[  5] 335.00-336.00 sec  3.55 MBytes  3.55 MBytes/sec  2570  
[  5] 336.00-337.00 sec  3.55 MBytes  3.55 MBytes/sec  2569  
[  5] 337.00-338.00 sec  3.55 MBytes  3.55 MBytes/sec  2570  
[  5] 338.00-339.00 sec  3.55 MBytes  3.55 MBytes/sec  2569  
[  5] 339.00-340.00 sec  3.55 MBytes  3.55 MBytes/sec  2570  
[  5] 340.00-341.00 sec  3.55 MBytes  3.55 MBytes/sec  2569  
[  5] 341.00-342.00 sec  3.55 MBytes  3.55 MBytes/sec  2570  
[  5] 342.00-343.00 sec  3.54 MBytes  3.54 MBytes/sec  2560  
[  5] 343.00-344.00 sec  3.50 MBytes  3.50 MBytes/sec  2538  
[  5] 344.00-345.00 sec  3.50 MBytes  3.50 MBytes/sec  2537  
[  5] 345.00-346.00 sec  3.50 MBytes  3.50 MBytes/sec  2538  
[  5] 346.00-347.00 sec  3.50 MBytes  3.50 MBytes/sec  2537  
[  5] 347.00-348.00 sec  3.50 MBytes  3.50 MBytes/sec  2537  
[  5] 348.00-349.00 sec  3.50 MBytes  3.50 MBytes/sec  2538  
[  5] 349.00-350.00 sec  3.50 MBytes  3.50 MBytes/sec  2537  
[  5] 350.00-351.00 sec  3.50 MBytes  3.50 MBytes/sec  2538  
[  5] 351.00-352.00 sec  3.50 MBytes  3.50 MBytes/sec  2537  
[  5] 352.00-353.00 sec  3.56 MBytes  3.56 MBytes/sec  2580  
[  5] 353.00-354.00 sec  3.79 MBytes  3.79 MBytes/sec  2744  
[  5] 354.00-355.00 sec  3.79 MBytes  3.79 MBytes/sec  2744  
[  5] 355.00-356.00 sec  3.79 MBytes  3.79 MBytes/sec  2744  
[  5] 356.00-357.00 sec  3.79 MBytes  3.79 MBytes/sec  2744  
[  5] 357.00-358.00 sec  3.79 MBytes  3.79 MBytes/sec  2744  
[  5] 358.00-359.00 sec  3.79 MBytes  3.79 MBytes/sec  2744  
[  5] 359.00-360.00 sec  3.79 MBytes  3.79 MBytes/sec  2744  
[  5] 360.00-361.00 sec  3.79 MBytes  3.79 MBytes/sec  2744  
[  5] 361.00-362.00 sec  3.79 MBytes  3.79 MBytes/sec  2743  
[  5] 362.00-363.00 sec  3.95 MBytes  3.95 MBytes/sec  2859  
[  5] 363.00-364.00 sec  5.08 MBytes  5.08 MBytes/sec  3679  
[  5] 364.00-365.00 sec  5.08 MBytes  5.08 MBytes/sec  3679  
[  5] 365.00-366.00 sec  5.08 MBytes  5.08 MBytes/sec  3679  
[  5] 366.00-367.00 sec  5.08 MBytes  5.08 MBytes/sec  3679  
[  5] 367.00-368.00 sec  5.08 MBytes  5.08 MBytes/sec  3680  
[  5] 368.00-369.00 sec  5.08 MBytes  5.08 MBytes/sec  3679  
[  5] 369.00-370.00 sec  5.08 MBytes  5.08 MBytes/sec  3679  
[  5] 370.00-371.00 sec  5.08 MBytes  5.08 MBytes/sec  3679  
[  5] 371.00-372.00 sec  5.08 MBytes  5.08 MBytes/sec  3679  
[  5] 372.00-373.00 sec  5.16 MBytes  5.16 MBytes/sec  3738  
[  5] 373.00-374.00 sec  6.72 MBytes  6.72 MBytes/sec  4868  
[  5] 374.00-375.00 sec  6.72 MBytes  6.72 MBytes/sec  4868  
[  5] 375.00-376.00 sec  6.72 MBytes  6.72 MBytes/sec  4868  
[  5] 376.00-377.00 sec  6.72 MBytes  6.72 MBytes/sec  4867  
[  5] 377.00-378.00 sec  6.72 MBytes  6.72 MBytes/sec  4868  
[  5] 378.00-379.00 sec  6.72 MBytes  6.72 MBytes/sec  4868  
[  5] 379.00-380.00 sec  6.72 MBytes  6.72 MBytes/sec  4868  
[  5] 380.00-381.00 sec  6.72 MBytes  6.72 MBytes/sec  4868  
[  5] 381.00-382.00 sec  6.72 MBytes  6.72 MBytes/sec  4868  
[  5] 382.00-383.00 sec  6.72 MBytes  6.72 MBytes/sec  4868  
[  5] 383.00-384.00 sec  8.37 MBytes  8.37 MBytes/sec  6062  
[  5] 384.00-385.00 sec  8.39 MBytes  8.39 MBytes/sec  6079  
[  5] 385.00-386.00 sec  8.39 MBytes  8.40 MBytes/sec  6079  
[  5] 386.00-387.00 sec  8.40 MBytes  8.40 MBytes/sec  6080  
[  5] 387.00-388.00 sec  8.40 MBytes  8.40 MBytes/sec  6080  
[  5] 388.00-389.00 sec  8.39 MBytes  8.39 MBytes/sec  6079  
[  5] 389.00-390.00 sec  8.40 MBytes  8.40 MBytes/sec  6080  
[  5] 390.00-391.00 sec  8.39 MBytes  8.39 MBytes/sec  6079  
[  5] 391.00-392.00 sec  8.39 MBytes  8.39 MBytes/sec  6079  
[  5] 392.00-393.00 sec  8.40 MBytes  8.40 MBytes/sec  6080  
[  5] 393.00-394.00 sec  9.13 MBytes  9.13 MBytes/sec  6611  
[  5] 394.00-395.00 sec  9.18 MBytes  9.18 MBytes/sec  6649  
[  5] 395.00-396.00 sec  9.18 MBytes  9.18 MBytes/sec  6650  
[  5] 396.00-397.00 sec  9.18 MBytes  9.18 MBytes/sec  6649  
[  5] 397.00-398.00 sec  9.18 MBytes  9.18 MBytes/sec  6649  
[  5] 398.00-399.00 sec  9.18 MBytes  9.18 MBytes/sec  6649  
[  5] 399.00-400.00 sec  9.18 MBytes  9.18 MBytes/sec  6649  
[  5] 400.00-401.00 sec  9.18 MBytes  9.18 MBytes/sec  6649  
[  5] 401.00-402.00 sec  9.18 MBytes  9.18 MBytes/sec  6650  
[  5] 402.00-403.00 sec  9.18 MBytes  9.18 MBytes/sec  6649  
[  5] 403.00-404.00 sec  8.49 MBytes  8.49 MBytes/sec  6146  
[  5] 404.00-405.00 sec  8.39 MBytes  8.39 MBytes/sec  6077  
[  5] 405.00-406.00 sec  8.39 MBytes  8.39 MBytes/sec  6076  
[  5] 406.00-407.00 sec  8.39 MBytes  8.39 MBytes/sec  6077  
[  5] 407.00-408.00 sec  8.39 MBytes  8.39 MBytes/sec  6077  
[  5] 408.00-409.00 sec  8.39 MBytes  8.39 MBytes/sec  6076  
[  5] 409.00-410.00 sec  8.39 MBytes  8.39 MBytes/sec  6076  
[  5] 410.00-411.00 sec  8.39 MBytes  8.39 MBytes/sec  6077  
[  5] 411.00-412.00 sec  8.39 MBytes  8.39 MBytes/sec  6077  
[  5] 412.00-413.00 sec  8.39 MBytes  8.39 MBytes/sec  6076  
[  5] 413.00-414.00 sec  7.16 MBytes  7.16 MBytes/sec  5185  
[  5] 414.00-415.00 sec  6.88 MBytes  6.88 MBytes/sec  4981  
[  5] 415.00-416.00 sec  6.88 MBytes  6.88 MBytes/sec  4981  
[  5] 416.00-417.00 sec  6.88 MBytes  6.88 MBytes/sec  4981  
[  5] 417.00-418.00 sec  6.88 MBytes  6.88 MBytes/sec  4981  
[  5] 418.00-419.00 sec  6.88 MBytes  6.88 MBytes/sec  4980  
[  5] 419.00-420.00 sec  6.88 MBytes  6.88 MBytes/sec  4981  
[  5] 420.00-421.00 sec  6.88 MBytes  6.88 MBytes/sec  4981  
[  5] 421.00-422.00 sec  6.88 MBytes  6.88 MBytes/sec  4981  
[  5] 422.00-423.00 sec  6.88 MBytes  6.88 MBytes/sec  4981  
[  5] 423.00-424.00 sec  8.99 MBytes  8.99 MBytes/sec  6511  
[  5] 424.00-425.00 sec  9.65 MBytes  9.65 MBytes/sec  6989  
[  5] 425.00-426.00 sec  9.65 MBytes  9.65 MBytes/sec  6990  
[  5] 426.00-427.00 sec  9.65 MBytes  9.65 MBytes/sec  6990  
[  5] 427.00-428.00 sec  9.65 MBytes  9.65 MBytes/sec  6989  
[  5] 428.00-429.00 sec  9.65 MBytes  9.65 MBytes/sec  6990  
[  5] 429.00-430.00 sec  9.65 MBytes  9.65 MBytes/sec  6990  
[  5] 430.00-431.00 sec  9.65 MBytes  9.65 MBytes/sec  6989  
[  5] 431.00-432.00 sec  9.65 MBytes  9.65 MBytes/sec  6990  
[  5] 432.00-433.00 sec  9.65 MBytes  9.65 MBytes/sec  6990  
[  5] 433.00-434.00 sec  8.33 MBytes  8.33 MBytes/sec  6035  
[  5] 434.00-435.00 sec  7.78 MBytes  7.78 MBytes/sec  5637  
[  5] 435.00-436.00 sec  7.78 MBytes  7.78 MBytes/sec  5637  
[  5] 436.00-437.00 sec  7.78 MBytes  7.78 MBytes/sec  5637  
[  5] 437.00-438.00 sec  7.78 MBytes  7.78 MBytes/sec  5637  
[  5] 438.00-439.00 sec  7.78 MBytes  7.78 MBytes/sec  5637  
[  5] 439.00-440.00 sec  7.78 MBytes  7.78 MBytes/sec  5637  
[  5] 440.00-441.00 sec  7.78 MBytes  7.78 MBytes/sec  5637  
[  5] 441.00-442.00 sec  7.78 MBytes  7.78 MBytes/sec  5637  
[  5] 442.00-443.00 sec  7.79 MBytes  7.79 MBytes/sec  5638  
[  5] 443.00-444.00 sec  6.04 MBytes  6.04 MBytes/sec  4373  
[  5] 444.00-445.00 sec  5.15 MBytes  5.15 MBytes/sec  3728  
[  5] 445.00-446.00 sec  5.15 MBytes  5.15 MBytes/sec  3727  
[  5] 446.00-447.00 sec  5.15 MBytes  5.15 MBytes/sec  3727  
[  5] 447.00-448.00 sec  5.15 MBytes  5.15 MBytes/sec  3728  
[  5] 448.00-449.00 sec  5.15 MBytes  5.15 MBytes/sec  3727  
[  5] 449.00-450.00 sec  5.15 MBytes  5.15 MBytes/sec  3727  
[  5] 450.00-451.00 sec  5.15 MBytes  5.15 MBytes/sec  3728  
[  5] 451.00-452.00 sec  5.15 MBytes  5.15 MBytes/sec  3727  
[  5] 452.00-453.00 sec  5.15 MBytes  5.15 MBytes/sec  3727  
[  5] 453.00-454.00 sec  6.55 MBytes  6.55 MBytes/sec  4745  
[  5] 454.00-455.00 sec  7.47 MBytes  7.47 MBytes/sec  5407  
[  5] 455.00-456.00 sec  7.47 MBytes  7.47 MBytes/sec  5407  
[  5] 456.00-457.00 sec  7.47 MBytes  7.47 MBytes/sec  5408  
[  5] 457.00-458.00 sec  7.47 MBytes  7.47 MBytes/sec  5407  
[  5] 458.00-459.00 sec  7.47 MBytes  7.47 MBytes/sec  5407  
[  5] 459.00-460.00 sec  7.47 MBytes  7.47 MBytes/sec  5408  
[  5] 460.00-461.00 sec  7.47 MBytes  7.47 MBytes/sec  5407  
[  5] 461.00-462.00 sec  7.47 MBytes  7.47 MBytes/sec  5408  
[  5] 462.00-463.00 sec  7.47 MBytes  7.47 MBytes/sec  5407  
[  5] 463.00-464.00 sec  7.12 MBytes  7.12 MBytes/sec  5153  
[  5] 464.00-465.00 sec  6.81 MBytes  6.81 MBytes/sec  4933  
[  5] 465.00-466.00 sec  6.81 MBytes  6.81 MBytes/sec  4933  
[  5] 466.00-467.00 sec  6.81 MBytes  6.81 MBytes/sec  4934  
[  5] 467.00-468.00 sec  6.81 MBytes  6.81 MBytes/sec  4933  
[  5] 468.00-469.00 sec  6.81 MBytes  6.81 MBytes/sec  4934  
[  5] 469.00-470.00 sec  6.81 MBytes  6.81 MBytes/sec  4933  
[  5] 470.00-471.00 sec  6.81 MBytes  6.81 MBytes/sec  4934  
[  5] 471.00-472.00 sec  6.81 MBytes  6.81 MBytes/sec  4933  
[  5] 472.00-473.00 sec  6.81 MBytes  6.81 MBytes/sec  4934  
[  5] 473.00-474.00 sec  6.81 MBytes  6.81 MBytes/sec  4933  
[  5] 474.00-475.00 sec  6.81 MBytes  6.81 MBytes/sec  4933  
[  5] 475.00-476.00 sec  6.81 MBytes  6.81 MBytes/sec  4934  
[  5] 476.00-477.00 sec  6.81 MBytes  6.81 MBytes/sec  4933  
[  5] 477.00-478.00 sec  6.81 MBytes  6.81 MBytes/sec  4934  
[  5] 478.00-479.00 sec  6.81 MBytes  6.81 MBytes/sec  4933  
[  5] 479.00-480.00 sec  6.81 MBytes  6.81 MBytes/sec  4934  
[  5] 480.00-481.00 sec  6.81 MBytes  6.81 MBytes/sec  4933  
[  5] 481.00-482.00 sec  6.81 MBytes  6.81 MBytes/sec  4934  
[  5] 482.00-483.00 sec  6.81 MBytes  6.81 MBytes/sec  4933  
[  5] 483.00-484.00 sec  6.81 MBytes  6.81 MBytes/sec  4933  
[  5] 484.00-485.00 sec  6.81 MBytes  6.81 MBytes/sec  4934  
[  5] 485.00-486.00 sec  6.81 MBytes  6.81 MBytes/sec  4933  
[  5] 486.00-487.00 sec  6.81 MBytes  6.81 MBytes/sec  4934  
[  5] 487.00-488.00 sec  6.81 MBytes  6.81 MBytes/sec  4933  
[  5] 488.00-489.00 sec  6.81 MBytes  6.81 MBytes/sec  4934  
[  5] 489.00-490.00 sec  6.81 MBytes  6.81 MBytes/sec  4933  
[  5] 490.00-491.00 sec  6.81 MBytes  6.81 MBytes/sec  4934  
[  5] 491.00-492.00 sec  6.81 MBytes  6.81 MBytes/sec  4933  
[  5] 492.00-493.00 sec  6.81 MBytes  6.81 MBytes/sec  4933  
[  5] 493.00-494.00 sec  6.81 MBytes  6.81 MBytes/sec  4934  
[  5] 494.00-495.00 sec  6.81 MBytes  6.81 MBytes/sec  4933  
[  5] 495.00-496.00 sec  6.81 MBytes  6.81 MBytes/sec  4933  
[  5] 496.00-497.00 sec  6.81 MBytes  6.81 MBytes/sec  4934  
[  5] 497.00-498.00 sec  6.81 MBytes  6.81 MBytes/sec  4933  
[  5] 498.00-499.00 sec  6.81 MBytes  6.81 MBytes/sec  4934  
[  5] 499.00-500.00 sec  6.81 MBytes  6.81 MBytes/sec  4933  
- - - - - - - - - - - - - - - - - - - - - - - - -
[ ID] Interval           Transfer     Bitrate         Jitter    Lost/Total Datagrams
[  5]   0.00-500.00 sec  2.10 GBytes  4.29 MBytes/sec  0.000 ms  0/1554113 (0%)  sender
[  5]   0.00-500.05 sec  2.10 GBytes  4.29 MBytes/sec  0.002 ms  0/1554113 (0%)  receiver

iperf Done.
