Connecting to host 192.168.88.241, port 5201
[  5] local 192.168.88.250 port 40408 connected to 192.168.88.241 port 5201
[ ID] Interval           Transfer     Bitrate         Total Datagrams
[  5]   0.00-1.00   sec  3.95 MBytes  3.95 MBytes/sec  2858  
[  5]   1.00-2.00   sec  3.87 MBytes  3.87 MBytes/sec  2806  
[  5]   2.00-3.00   sec  3.87 MBytes  3.87 MBytes/sec  2806  
[  5]   3.00-4.00   sec  3.88 MBytes  3.88 MBytes/sec  2807  
[  5]   4.00-5.00   sec  3.88 MBytes  3.88 MBytes/sec  2810  
[  5]   5.00-6.00   sec  3.65 MBytes  3.65 MBytes/sec  2643  
[  5]   6.00-7.00   sec  3.64 MBytes  3.64 MBytes/sec  2636  
[  5]   7.00-8.00   sec  3.64 MBytes  3.64 MBytes/sec  2636  
[  5]   8.00-9.00   sec  3.64 MBytes  3.64 MBytes/sec  2636  
[  5]   9.00-10.00  sec  3.64 MBytes  3.64 MBytes/sec  2636  
[  5]  10.00-11.00  sec  2.39 MBytes  2.39 MBytes/sec  1730  
[  5]  11.00-12.00  sec  2.98 MBytes  2.98 MBytes/sec  2159  
[  5]  12.00-13.00  sec  3.73 MBytes  3.73 MBytes/sec  2700  
[  5]  13.00-14.00  sec  3.73 MBytes  3.73 MBytes/sec  2701  
[  5]  14.00-15.00  sec  3.73 MBytes  3.73 MBytes/sec  2700  
[  5]  15.00-16.00  sec  2.06 MBytes  2.06 MBytes/sec  1492  
[  5]  16.00-17.00  sec  1.69 MBytes  1.69 MBytes/sec  1221  
[  5]  17.00-18.00  sec  1.69 MBytes  1.69 MBytes/sec  1221  
[  5]  18.00-19.00  sec  1.69 MBytes  1.69 MBytes/sec  1221  
[  5]  19.00-20.00  sec  1.69 MBytes  1.69 MBytes/sec  1221  
[  5]  20.00-21.00  sec  3.25 MBytes  3.25 MBytes/sec  2353  
[  5]  21.00-22.00  sec  3.91 MBytes  3.91 MBytes/sec  2828  
[  5]  22.00-23.00  sec  3.91 MBytes  3.91 MBytes/sec  2829  
[  5]  23.00-24.00  sec  3.91 MBytes  3.91 MBytes/sec  2828  
[  5]  24.00-25.00  sec  3.91 MBytes  3.91 MBytes/sec  2829  
[  5]  25.00-26.00  sec  3.99 MBytes  3.99 MBytes/sec  2890  
[  5]  26.00-27.00  sec  4.04 MBytes  4.04 MBytes/sec  2925  
[  5]  27.00-28.00  sec  4.04 MBytes  4.04 MBytes/sec  2926  
[  5]  28.00-29.00  sec  4.04 MBytes  4.04 MBytes/sec  2925  
[  5]  29.00-30.00  sec  4.04 MBytes  4.04 MBytes/sec  2926  
[  5]  30.00-31.00  sec  4.74 MBytes  4.74 MBytes/sec  3433  
[  5]  31.00-32.00  sec  5.32 MBytes  5.32 MBytes/sec  3850  
[  5]  32.00-33.00  sec  5.32 MBytes  5.32 MBytes/sec  3849  
[  5]  33.00-34.00  sec  5.32 MBytes  5.32 MBytes/sec  3849  
[  5]  34.00-35.00  sec  5.32 MBytes  5.32 MBytes/sec  3849  
[  5]  35.00-36.00  sec  4.59 MBytes  4.59 MBytes/sec  3321  
[  5]  36.00-37.00  sec  3.79 MBytes  3.79 MBytes/sec  2744  
[  5]  37.00-38.00  sec  3.79 MBytes  3.79 MBytes/sec  2744  
[  5]  38.00-39.00  sec  3.79 MBytes  3.79 MBytes/sec  2744  
[  5]  39.00-40.00  sec  3.79 MBytes  3.79 MBytes/sec  2743  
[  5]  40.00-41.00  sec  4.47 MBytes  4.47 MBytes/sec  3240  
[  5]  41.00-42.00  sec  4.58 MBytes  4.58 MBytes/sec  3318  
[  5]  42.00-43.00  sec  3.33 MBytes  3.33 MBytes/sec  2413  
[  5]  43.00-44.00  sec  3.33 MBytes  3.33 MBytes/sec  2413  
[  5]  44.00-45.00  sec  3.33 MBytes  3.33 MBytes/sec  2414  
[  5]  45.00-46.00  sec  4.04 MBytes  4.05 MBytes/sec  2929  
[  5]  46.00-47.00  sec  5.53 MBytes  5.53 MBytes/sec  4006  
[  5]  47.00-48.00  sec  5.55 MBytes  5.55 MBytes/sec  4022  
[  5]  48.00-49.00  sec  5.55 MBytes  5.55 MBytes/sec  4021  
[  5]  49.00-50.00  sec  5.55 MBytes  5.55 MBytes/sec  4022  
[  5]  50.00-51.00  sec  5.53 MBytes  5.53 MBytes/sec  4005  
[  5]  51.00-52.00  sec  5.46 MBytes  5.46 MBytes/sec  3955  
[  5]  52.00-53.00  sec  5.46 MBytes  5.46 MBytes/sec  3955  
[  5]  53.00-54.00  sec  5.46 MBytes  5.46 MBytes/sec  3955  
[  5]  54.00-55.00  sec  5.46 MBytes  5.46 MBytes/sec  3955  
[  5]  55.00-56.00  sec  5.55 MBytes  5.55 MBytes/sec  4016  
[  5]  56.00-57.00  sec  5.99 MBytes  5.99 MBytes/sec  4338  
[  5]  57.00-58.00  sec  5.99 MBytes  5.99 MBytes/sec  4339  
[  5]  58.00-59.00  sec  5.99 MBytes  5.99 MBytes/sec  4339  
[  5]  59.00-60.00  sec  5.99 MBytes  5.99 MBytes/sec  4338  
[  5]  60.00-61.00  sec  5.95 MBytes  5.95 MBytes/sec  4312  
[  5]  61.00-62.00  sec  5.60 MBytes  5.60 MBytes/sec  4052  
[  5]  62.00-63.00  sec  5.60 MBytes  5.60 MBytes/sec  4052  
[  5]  63.00-64.00  sec  5.60 MBytes  5.60 MBytes/sec  4052  
[  5]  64.00-65.00  sec  5.60 MBytes  5.60 MBytes/sec  4052  
[  5]  65.00-66.00  sec  5.57 MBytes  5.57 MBytes/sec  4032  
[  5]  66.00-67.00  sec  4.91 MBytes  4.91 MBytes/sec  3557  
[  5]  67.00-68.00  sec  4.91 MBytes  4.91 MBytes/sec  3557  
[  5]  68.00-69.00  sec  4.91 MBytes  4.91 MBytes/sec  3557  
[  5]  69.00-70.00  sec  4.91 MBytes  4.91 MBytes/sec  3557  
[  5]  70.00-71.00  sec  4.91 MBytes  4.91 MBytes/sec  3558  
[  5]  71.00-72.00  sec  3.93 MBytes  3.93 MBytes/sec  2844  
[  5]  72.00-73.00  sec  3.60 MBytes  3.60 MBytes/sec  2606  
[  5]  73.00-74.00  sec  3.60 MBytes  3.60 MBytes/sec  2606  
[  5]  74.00-75.00  sec  3.60 MBytes  3.60 MBytes/sec  2605  
[  5]  75.00-76.00  sec  3.60 MBytes  3.60 MBytes/sec  2606  
[  5]  76.00-77.00  sec  4.15 MBytes  4.15 MBytes/sec  3007  
[  5]  77.00-78.00  sec  4.22 MBytes  4.22 MBytes/sec  3058  
[  5]  78.00-79.00  sec  4.22 MBytes  4.22 MBytes/sec  3058  
[  5]  79.00-80.00  sec  4.22 MBytes  4.22 MBytes/sec  3058  
[  5]  80.00-81.00  sec  4.22 MBytes  4.22 MBytes/sec  3058  
[  5]  81.00-82.00  sec  4.21 MBytes  4.21 MBytes/sec  3048  
[  5]  82.00-83.00  sec  4.20 MBytes  4.20 MBytes/sec  3045  
[  5]  83.00-84.00  sec  4.20 MBytes  4.20 MBytes/sec  3044  
[  5]  84.00-85.00  sec  4.20 MBytes  4.20 MBytes/sec  3045  
[  5]  85.00-86.00  sec  4.20 MBytes  4.20 MBytes/sec  3045  
[  5]  86.00-87.00  sec  3.76 MBytes  3.76 MBytes/sec  2721  
[  5]  87.00-88.00  sec  3.62 MBytes  3.62 MBytes/sec  2622  
[  5]  88.00-89.00  sec  3.62 MBytes  3.62 MBytes/sec  2622  
[  5]  89.00-90.00  sec  3.62 MBytes  3.62 MBytes/sec  2622  
[  5]  90.00-91.00  sec  3.62 MBytes  3.62 MBytes/sec  2622  
[  5]  91.00-92.00  sec  3.44 MBytes  3.44 MBytes/sec  2493  
[  5]  92.00-93.00  sec  3.37 MBytes  3.37 MBytes/sec  2438  
[  5]  93.00-94.00  sec  3.37 MBytes  3.37 MBytes/sec  2439  
[  5]  94.00-95.00  sec  3.37 MBytes  3.37 MBytes/sec  2439  
[  5]  95.00-96.00  sec  3.37 MBytes  3.37 MBytes/sec  2439  
[  5]  96.00-97.00  sec  3.39 MBytes  3.39 MBytes/sec  2456  
[  5]  97.00-98.00  sec  3.40 MBytes  3.40 MBytes/sec  2465  
[  5]  98.00-99.00  sec  3.41 MBytes  3.41 MBytes/sec  2466  
[  5]  99.00-100.00 sec  3.40 MBytes  3.40 MBytes/sec  2465  
[  5] 100.00-101.00 sec  3.41 MBytes  3.41 MBytes/sec  2466  
[  5] 101.00-102.00 sec  3.70 MBytes  3.70 MBytes/sec  2677  
[  5] 102.00-103.00 sec  5.22 MBytes  5.22 MBytes/sec  3781  
[  5] 103.00-104.00 sec  5.22 MBytes  5.22 MBytes/sec  3781  
[  5] 104.00-105.00 sec  5.22 MBytes  5.22 MBytes/sec  3781  
[  5] 105.00-106.00 sec  5.22 MBytes  5.22 MBytes/sec  3781  
[  5] 106.00-107.00 sec  4.21 MBytes  4.21 MBytes/sec  3049  
[  5] 107.00-108.00 sec  3.18 MBytes  3.18 MBytes/sec  2301  
[  5] 108.00-109.00 sec  3.18 MBytes  3.18 MBytes/sec  2302  
[  5] 109.00-110.00 sec  3.18 MBytes  3.18 MBytes/sec  2301  
[  5] 110.00-111.00 sec  3.18 MBytes  3.18 MBytes/sec  2302  
[  5] 111.00-112.00 sec  2.86 MBytes  2.86 MBytes/sec  2072  
[  5] 112.00-113.00 sec  2.33 MBytes  2.33 MBytes/sec  1690  
[  5] 113.00-114.00 sec  2.34 MBytes  2.34 MBytes/sec  1693  
[  5] 114.00-115.00 sec  2.33 MBytes  2.33 MBytes/sec  1690  
[  5] 115.00-116.00 sec  2.34 MBytes  2.34 MBytes/sec  1692  
[  5] 116.00-117.00 sec  2.76 MBytes  2.76 MBytes/sec  1997  
[  5] 117.00-118.00 sec  3.85 MBytes  3.85 MBytes/sec  2791  
[  5] 118.00-119.00 sec  3.85 MBytes  3.85 MBytes/sec  2791  
[  5] 119.00-120.00 sec  3.85 MBytes  3.85 MBytes/sec  2791  
[  5] 120.00-121.00 sec  3.85 MBytes  3.85 MBytes/sec  2791  
[  5] 121.00-122.00 sec  3.94 MBytes  3.94 MBytes/sec  2851  
[  5] 122.00-123.00 sec  4.27 MBytes  4.27 MBytes/sec  3091  
[  5] 123.00-124.00 sec  4.27 MBytes  4.27 MBytes/sec  3092  
[  5] 124.00-125.00 sec  4.27 MBytes  4.27 MBytes/sec  3092  
[  5] 125.00-126.00 sec  4.27 MBytes  4.27 MBytes/sec  3091  
[  5] 126.00-127.00 sec  4.27 MBytes  4.27 MBytes/sec  3092  
[  5] 127.00-128.00 sec  4.27 MBytes  4.27 MBytes/sec  3089  
[  5] 128.00-129.00 sec  4.27 MBytes  4.27 MBytes/sec  3089  
[  5] 129.00-130.00 sec  4.26 MBytes  4.26 MBytes/sec  3088  
[  5] 130.00-131.00 sec  4.27 MBytes  4.27 MBytes/sec  3089  
[  5] 131.00-132.00 sec  4.25 MBytes  4.25 MBytes/sec  3081  
[  5] 132.00-133.00 sec  4.11 MBytes  4.11 MBytes/sec  2977  
[  5] 133.00-134.00 sec  4.11 MBytes  4.11 MBytes/sec  2978  
[  5] 134.00-135.00 sec  4.11 MBytes  4.11 MBytes/sec  2977  
[  5] 135.00-136.00 sec  4.11 MBytes  4.11 MBytes/sec  2978  
[  5] 136.00-137.00 sec  4.10 MBytes  4.10 MBytes/sec  2972  
[  5] 137.00-138.00 sec  3.79 MBytes  3.79 MBytes/sec  2746  
[  5] 138.00-139.00 sec  3.79 MBytes  3.79 MBytes/sec  2746  
[  5] 139.00-140.00 sec  3.79 MBytes  3.79 MBytes/sec  2745  
[  5] 140.00-141.00 sec  3.79 MBytes  3.79 MBytes/sec  2746  
[  5] 141.00-142.00 sec  3.79 MBytes  3.79 MBytes/sec  2745  
[  5] 142.00-143.00 sec  3.66 MBytes  3.66 MBytes/sec  2648  
[  5] 143.00-144.00 sec  3.65 MBytes  3.65 MBytes/sec  2645  
[  5] 144.00-145.00 sec  3.65 MBytes  3.65 MBytes/sec  2644  
[  5] 145.00-146.00 sec  3.65 MBytes  3.65 MBytes/sec  2645  
[  5] 146.00-147.00 sec  3.65 MBytes  3.65 MBytes/sec  2645  
[  5] 147.00-148.00 sec  3.09 MBytes  3.09 MBytes/sec  2239  
[  5] 148.00-149.00 sec  3.04 MBytes  3.04 MBytes/sec  2199  
[  5] 149.00-150.00 sec  3.04 MBytes  3.04 MBytes/sec  2198  
[  5] 150.00-151.00 sec  3.04 MBytes  3.04 MBytes/sec  2199  
[  5] 151.00-152.00 sec  3.04 MBytes  3.04 MBytes/sec  2199  
[  5] 152.00-153.00 sec  3.58 MBytes  3.58 MBytes/sec  2593  
[  5] 153.00-154.00 sec  3.68 MBytes  3.68 MBytes/sec  2664  
[  5] 154.00-155.00 sec  3.68 MBytes  3.68 MBytes/sec  2665  
[  5] 155.00-156.00 sec  3.68 MBytes  3.68 MBytes/sec  2664  
[  5] 156.00-157.00 sec  3.68 MBytes  3.68 MBytes/sec  2665  
[  5] 157.00-158.00 sec  4.40 MBytes  4.40 MBytes/sec  3185  
[  5] 158.00-159.00 sec  4.60 MBytes  4.60 MBytes/sec  3333  
[  5] 159.00-160.00 sec  4.60 MBytes  4.60 MBytes/sec  3333  
[  5] 160.00-161.00 sec  4.60 MBytes  4.60 MBytes/sec  3333  
[  5] 161.00-162.00 sec  4.60 MBytes  4.60 MBytes/sec  3333  
[  5] 162.00-163.00 sec  4.60 MBytes  4.60 MBytes/sec  3329  
[  5] 163.00-164.00 sec  4.60 MBytes  4.60 MBytes/sec  3328  
[  5] 164.00-165.00 sec  4.59 MBytes  4.59 MBytes/sec  3327  
[  5] 165.00-166.00 sec  4.60 MBytes  4.60 MBytes/sec  3328  
[  5] 166.00-167.00 sec  4.59 MBytes  4.59 MBytes/sec  3327  
[  5] 167.00-168.00 sec  5.01 MBytes  5.01 MBytes/sec  3625  
[  5] 168.00-169.00 sec  5.29 MBytes  5.29 MBytes/sec  3833  
[  5] 169.00-170.00 sec  5.29 MBytes  5.29 MBytes/sec  3832  
[  5] 170.00-171.00 sec  5.29 MBytes  5.29 MBytes/sec  3833  
[  5] 171.00-172.00 sec  5.29 MBytes  5.29 MBytes/sec  3832  
[  5] 172.00-173.00 sec  5.28 MBytes  5.28 MBytes/sec  3821  
[  5] 173.00-174.00 sec  5.26 MBytes  5.26 MBytes/sec  3809  
[  5] 174.00-175.00 sec  5.26 MBytes  5.26 MBytes/sec  3810  
[  5] 175.00-176.00 sec  5.26 MBytes  5.26 MBytes/sec  3809  
[  5] 176.00-177.00 sec  5.26 MBytes  5.26 MBytes/sec  3810  
[  5] 177.00-178.00 sec  4.74 MBytes  4.74 MBytes/sec  3432  
[  5] 178.00-179.00 sec  3.96 MBytes  3.96 MBytes/sec  2867  
[  5] 179.00-180.00 sec  3.96 MBytes  3.96 MBytes/sec  2868  
[  5] 180.00-181.00 sec  3.96 MBytes  3.96 MBytes/sec  2867  
[  5] 181.00-182.00 sec  3.96 MBytes  3.96 MBytes/sec  2868  
[  5] 182.00-183.00 sec  3.81 MBytes  3.81 MBytes/sec  2756  
[  5] 183.00-184.00 sec  3.49 MBytes  3.49 MBytes/sec  2526  
[  5] 184.00-185.00 sec  3.49 MBytes  3.49 MBytes/sec  2526  
[  5] 185.00-186.00 sec  3.49 MBytes  3.49 MBytes/sec  2525  
[  5] 186.00-187.00 sec  3.49 MBytes  3.49 MBytes/sec  2526  
[  5] 187.00-188.00 sec  3.46 MBytes  3.46 MBytes/sec  2503  
[  5] 188.00-189.00 sec  3.36 MBytes  3.36 MBytes/sec  2433  
[  5] 189.00-190.00 sec  3.36 MBytes  3.36 MBytes/sec  2433  
[  5] 190.00-191.00 sec  3.36 MBytes  3.36 MBytes/sec  2433  
[  5] 191.00-192.00 sec  3.36 MBytes  3.36 MBytes/sec  2432  
[  5] 192.00-193.00 sec  3.22 MBytes  3.22 MBytes/sec  2334  
[  5] 193.00-194.00 sec  2.60 MBytes  2.60 MBytes/sec  1885  
[  5] 194.00-195.00 sec  2.60 MBytes  2.60 MBytes/sec  1885  
[  5] 195.00-196.00 sec  2.60 MBytes  2.60 MBytes/sec  1886  
[  5] 196.00-197.00 sec  2.60 MBytes  2.60 MBytes/sec  1885  
[  5] 197.00-198.00 sec  2.44 MBytes  2.44 MBytes/sec  1770  
[  5] 198.00-199.00 sec  1.44 MBytes  1.44 MBytes/sec  1042  
[  5] 199.00-200.00 sec  1.44 MBytes  1.44 MBytes/sec  1043  
[  5] 200.00-201.00 sec  1.44 MBytes  1.44 MBytes/sec  1042  
[  5] 201.00-202.00 sec  1.44 MBytes  1.44 MBytes/sec  1043  
[  5] 202.00-203.00 sec  1.43 MBytes  1.43 MBytes/sec  1035  
[  5] 203.00-204.00 sec  1.24 MBytes  1.24 MBytes/sec  898  
[  5] 204.00-205.00 sec  1.24 MBytes  1.24 MBytes/sec  898  
[  5] 205.00-206.00 sec  1.24 MBytes  1.24 MBytes/sec  898  
[  5] 206.00-207.00 sec  1.24 MBytes  1.24 MBytes/sec  898  
[  5] 207.00-208.00 sec  1.24 MBytes  1.24 MBytes/sec  898  
[  5] 208.00-209.00 sec  1.04 MBytes  1.04 MBytes/sec  756  
[  5] 209.00-210.00 sec  1.03 MBytes  1.03 MBytes/sec  747  
[  5] 210.00-211.00 sec  1.04 MBytes  1.04 MBytes/sec  750  
[  5] 211.00-212.00 sec  1.03 MBytes  1.03 MBytes/sec  749  
[  5] 212.00-213.00 sec  1.03 MBytes  1.03 MBytes/sec  748  
[  5] 213.00-214.00 sec   725 KBytes  0.71 MBytes/sec  513  
[  5] 214.00-215.00 sec   679 KBytes  0.66 MBytes/sec  480  
[  5] 215.00-216.00 sec   680 KBytes  0.66 MBytes/sec  481  
[  5] 216.00-217.00 sec   680 KBytes  0.66 MBytes/sec  481  
[  5] 217.00-218.00 sec   680 KBytes  0.66 MBytes/sec  481  
[  5] 218.00-219.00 sec  1.06 MBytes  1.06 MBytes/sec  767  
[  5] 219.00-220.00 sec  1.17 MBytes  1.17 MBytes/sec  844  
[  5] 220.00-221.00 sec  1.17 MBytes  1.17 MBytes/sec  845  
[  5] 221.00-222.00 sec  1.17 MBytes  1.17 MBytes/sec  844  
[  5] 222.00-223.00 sec  1.17 MBytes  1.17 MBytes/sec  845  
[  5] 223.00-224.00 sec   612 KBytes  0.60 MBytes/sec  433  
[  5] 224.00-225.00 sec   378 KBytes  0.37 MBytes/sec  267  
[  5] 225.00-226.00 sec   379 KBytes  0.37 MBytes/sec  268  
[  5] 226.00-227.00 sec   378 KBytes  0.37 MBytes/sec  267  
[  5] 227.00-228.00 sec   379 KBytes  0.37 MBytes/sec  268  
[  5] 228.00-229.00 sec   450 KBytes  0.44 MBytes/sec  318  
[  5] 229.00-230.00 sec   502 KBytes  0.49 MBytes/sec  355  
[  5] 230.00-231.00 sec   502 KBytes  0.49 MBytes/sec  355  
[  5] 231.00-232.00 sec   502 KBytes  0.49 MBytes/sec  355  
[  5] 232.00-233.00 sec   502 KBytes  0.49 MBytes/sec  355  
[  5] 233.00-234.00 sec   396 KBytes  0.39 MBytes/sec  280  
[  5] 234.00-235.00 sec   297 KBytes  0.29 MBytes/sec  210  
[  5] 235.00-236.00 sec   297 KBytes  0.29 MBytes/sec  210  
[  5] 236.00-237.00 sec   297 KBytes  0.29 MBytes/sec  210  
[  5] 237.00-238.00 sec   298 KBytes  0.29 MBytes/sec  211  
[  5] 238.00-239.00 sec   291 KBytes  0.28 MBytes/sec  206  
[  5] 239.00-240.00 sec   284 KBytes  0.28 MBytes/sec  201  
[  5] 240.00-241.00 sec   284 KBytes  0.28 MBytes/sec  201  
[  5] 241.00-242.00 sec   284 KBytes  0.28 MBytes/sec  201  
[  5] 242.00-243.00 sec   284 KBytes  0.28 MBytes/sec  201  
[  5] 243.00-244.00 sec   264 KBytes  0.26 MBytes/sec  187  
[  5] 244.00-245.00 sec   230 KBytes  0.23 MBytes/sec  163  
[  5] 245.00-246.00 sec   230 KBytes  0.23 MBytes/sec  163  
[  5] 246.00-247.00 sec   230 KBytes  0.23 MBytes/sec  163  
[  5] 247.00-248.00 sec   229 KBytes  0.22 MBytes/sec  162  
[  5] 248.00-249.00 sec   240 KBytes  0.23 MBytes/sec  170  
[  5] 249.00-250.00 sec   266 KBytes  0.26 MBytes/sec  188  
[  5] 250.00-251.00 sec   267 KBytes  0.26 MBytes/sec  189  
[  5] 251.00-252.00 sec   267 KBytes  0.26 MBytes/sec  189  
[  5] 252.00-253.00 sec   266 KBytes  0.26 MBytes/sec  188  
[  5] 253.00-254.00 sec   327 KBytes  0.32 MBytes/sec  231  
[  5] 254.00-255.00 sec   619 KBytes  0.60 MBytes/sec  438  
[  5] 255.00-256.00 sec   618 KBytes  0.60 MBytes/sec  437  
[  5] 256.00-257.00 sec   618 KBytes  0.60 MBytes/sec  437  
[  5] 257.00-258.00 sec   618 KBytes  0.60 MBytes/sec  437  
[  5] 258.00-259.00 sec   648 KBytes  0.63 MBytes/sec  458  
[  5] 259.00-260.00 sec  1.30 MBytes  1.30 MBytes/sec  943  
[  5] 260.00-261.00 sec  1.30 MBytes  1.30 MBytes/sec  944  
[  5] 261.00-262.00 sec  1.30 MBytes  1.30 MBytes/sec  944  
[  5] 262.00-263.00 sec  1.30 MBytes  1.30 MBytes/sec  944  
[  5] 263.00-264.00 sec  1.30 MBytes  1.30 MBytes/sec  943  
[  5] 264.00-265.00 sec  1.07 MBytes  1.07 MBytes/sec  774  
[  5] 265.00-266.00 sec  1.06 MBytes  1.06 MBytes/sec  767  
[  5] 266.00-267.00 sec  1.06 MBytes  1.06 MBytes/sec  767  
[  5] 267.00-268.00 sec  1.06 MBytes  1.06 MBytes/sec  768  
[  5] 268.00-269.00 sec  1.06 MBytes  1.06 MBytes/sec  767  
[  5] 269.00-270.00 sec  1.21 MBytes  1.21 MBytes/sec  874  
[  5] 270.00-271.00 sec  1.23 MBytes  1.23 MBytes/sec  889  
[  5] 271.00-272.00 sec  1.23 MBytes  1.23 MBytes/sec  889  
[  5] 272.00-273.00 sec  1.23 MBytes  1.23 MBytes/sec  889  
[  5] 273.00-274.00 sec  1.23 MBytes  1.23 MBytes/sec  890  
[  5] 274.00-275.00 sec   734 KBytes  0.72 MBytes/sec  519  
[  5] 275.00-276.00 sec   602 KBytes  0.59 MBytes/sec  426  
[  5] 276.00-277.00 sec   601 KBytes  0.59 MBytes/sec  425  
[  5] 277.00-278.00 sec   602 KBytes  0.59 MBytes/sec  426  
[  5] 278.00-279.00 sec   601 KBytes  0.59 MBytes/sec  425  
[  5] 279.00-280.00 sec   588 KBytes  0.57 MBytes/sec  416  
[  5] 280.00-281.00 sec   581 KBytes  0.57 MBytes/sec  411  
[  5] 281.00-282.00 sec   581 KBytes  0.57 MBytes/sec  411  
[  5] 282.00-283.00 sec   581 KBytes  0.57 MBytes/sec  411  
[  5] 283.00-284.00 sec   583 KBytes  0.57 MBytes/sec  412  
[  5] 284.00-285.00 sec  1.69 MBytes  1.69 MBytes/sec  1221  
[  5] 285.00-286.00 sec  2.52 MBytes  2.52 MBytes/sec  1828  
[  5] 286.00-287.00 sec  2.52 MBytes  2.52 MBytes/sec  1828  
[  5] 287.00-288.00 sec  2.52 MBytes  2.52 MBytes/sec  1827  
[  5] 288.00-289.00 sec  2.52 MBytes  2.52 MBytes/sec  1828  
[  5] 289.00-290.00 sec  2.59 MBytes  2.59 MBytes/sec  1873  
[  5] 290.00-291.00 sec  2.65 MBytes  2.65 MBytes/sec  1917  
[  5] 291.00-292.00 sec  2.65 MBytes  2.65 MBytes/sec  1918  
[  5] 292.00-293.00 sec  2.65 MBytes  2.65 MBytes/sec  1918  
[  5] 293.00-294.00 sec  2.65 MBytes  2.65 MBytes/sec  1917  
[  5] 294.00-295.00 sec  2.89 MBytes  2.89 MBytes/sec  2096  
[  5] 295.00-296.00 sec  3.32 MBytes  3.32 MBytes/sec  2402  
[  5] 296.00-297.00 sec  3.32 MBytes  3.32 MBytes/sec  2401  
[  5] 297.00-298.00 sec  3.32 MBytes  3.32 MBytes/sec  2401  
[  5] 298.00-299.00 sec  3.32 MBytes  3.32 MBytes/sec  2402  
[  5] 299.00-300.00 sec  3.25 MBytes  3.25 MBytes/sec  2351  
[  5] 300.00-301.00 sec  3.03 MBytes  3.03 MBytes/sec  2191  
[  5] 301.00-302.00 sec  3.02 MBytes  3.02 MBytes/sec  2190  
[  5] 302.00-303.00 sec  3.03 MBytes  3.03 MBytes/sec  2191  
[  5] 303.00-304.00 sec  3.02 MBytes  3.02 MBytes/sec  2190  
[  5] 304.00-305.00 sec  3.18 MBytes  3.18 MBytes/sec  2304  
[  5] 305.00-306.00 sec  3.95 MBytes  3.95 MBytes/sec  2857  
[  5] 306.00-307.00 sec  3.94 MBytes  3.94 MBytes/sec  2856  
[  5] 307.00-308.00 sec  3.95 MBytes  3.95 MBytes/sec  2857  
[  5] 308.00-309.00 sec  3.95 MBytes  3.95 MBytes/sec  2857  
[  5] 309.00-310.00 sec  3.97 MBytes  3.97 MBytes/sec  2877  
[  5] 310.00-311.00 sec  4.19 MBytes  4.19 MBytes/sec  3031  
[  5] 311.00-312.00 sec  4.18 MBytes  4.18 MBytes/sec  3030  
[  5] 312.00-313.00 sec  4.19 MBytes  4.19 MBytes/sec  3031  
[  5] 313.00-314.00 sec  4.19 MBytes  4.19 MBytes/sec  3031  
[  5] 314.00-315.00 sec  4.13 MBytes  4.13 MBytes/sec  2989  
[  5] 315.00-316.00 sec  3.41 MBytes  3.41 MBytes/sec  2468  
[  5] 316.00-317.00 sec  3.41 MBytes  3.41 MBytes/sec  2468  
[  5] 317.00-318.00 sec  3.41 MBytes  3.41 MBytes/sec  2468  
[  5] 318.00-319.00 sec  3.41 MBytes  3.41 MBytes/sec  2468  
[  5] 319.00-320.00 sec  3.44 MBytes  3.44 MBytes/sec  2493  
[  5] 320.00-321.00 sec  4.79 MBytes  4.79 MBytes/sec  3467  
[  5] 321.00-322.00 sec  4.79 MBytes  4.79 MBytes/sec  3466  
[  5] 322.00-323.00 sec  4.79 MBytes  4.79 MBytes/sec  3467  
[  5] 323.00-324.00 sec  4.79 MBytes  4.79 MBytes/sec  3467  
[  5] 324.00-325.00 sec  4.79 MBytes  4.79 MBytes/sec  3467  
[  5] 325.00-326.00 sec  4.24 MBytes  4.24 MBytes/sec  3070  
[  5] 326.00-327.00 sec  4.22 MBytes  4.22 MBytes/sec  3058  
[  5] 327.00-328.00 sec  4.22 MBytes  4.22 MBytes/sec  3058  
[  5] 328.00-329.00 sec  4.22 MBytes  4.22 MBytes/sec  3058  
[  5] 329.00-330.00 sec  4.22 MBytes  4.22 MBytes/sec  3058  
[  5] 330.00-331.00 sec  4.30 MBytes  4.30 MBytes/sec  3111  
[  5] 331.00-332.00 sec  4.30 MBytes  4.30 MBytes/sec  3116  
[  5] 332.00-333.00 sec  4.30 MBytes  4.30 MBytes/sec  3116  
[  5] 333.00-334.00 sec  4.30 MBytes  4.30 MBytes/sec  3116  
[  5] 334.00-335.00 sec  4.30 MBytes  4.30 MBytes/sec  3116  
[  5] 335.00-336.00 sec  3.32 MBytes  3.32 MBytes/sec  2407  
[  5] 336.00-337.00 sec  3.17 MBytes  3.17 MBytes/sec  2297  
[  5] 337.00-338.00 sec  3.17 MBytes  3.17 MBytes/sec  2296  
[  5] 338.00-339.00 sec  3.17 MBytes  3.17 MBytes/sec  2297  
[  5] 339.00-340.00 sec  3.17 MBytes  3.17 MBytes/sec  2296  
[  5] 340.00-341.00 sec  3.79 MBytes  3.79 MBytes/sec  2741  
[  5] 341.00-342.00 sec  3.93 MBytes  3.93 MBytes/sec  2843  
[  5] 342.00-343.00 sec  3.92 MBytes  3.92 MBytes/sec  2842  
[  5] 343.00-344.00 sec  3.93 MBytes  3.93 MBytes/sec  2843  
[  5] 344.00-345.00 sec  3.93 MBytes  3.93 MBytes/sec  2843  
[  5] 345.00-346.00 sec  3.56 MBytes  3.56 MBytes/sec  2577  
[  5] 346.00-347.00 sec  3.44 MBytes  3.44 MBytes/sec  2491  
[  5] 347.00-348.00 sec  3.44 MBytes  3.44 MBytes/sec  2492  
[  5] 348.00-349.00 sec  3.44 MBytes  3.44 MBytes/sec  2491  
[  5] 349.00-350.00 sec  3.44 MBytes  3.44 MBytes/sec  2492  
[  5] 350.00-351.00 sec  3.53 MBytes  3.53 MBytes/sec  2555  
[  5] 351.00-352.00 sec  3.57 MBytes  3.57 MBytes/sec  2583  
[  5] 352.00-353.00 sec  3.57 MBytes  3.57 MBytes/sec  2583  
[  5] 353.00-354.00 sec  3.57 MBytes  3.57 MBytes/sec  2583  
[  5] 354.00-355.00 sec  3.57 MBytes  3.57 MBytes/sec  2583  
[  5] 355.00-356.00 sec  3.69 MBytes  3.69 MBytes/sec  2675  
[  5] 356.00-357.00 sec  3.77 MBytes  3.77 MBytes/sec  2729  
[  5] 357.00-358.00 sec  3.77 MBytes  3.77 MBytes/sec  2729  
[  5] 358.00-359.00 sec  3.77 MBytes  3.77 MBytes/sec  2728  
[  5] 359.00-360.00 sec  3.77 MBytes  3.77 MBytes/sec  2729  
[  5] 360.00-361.00 sec  3.79 MBytes  3.79 MBytes/sec  2746  
[  5] 361.00-362.00 sec  3.81 MBytes  3.81 MBytes/sec  2759  
[  5] 362.00-363.00 sec  3.81 MBytes  3.81 MBytes/sec  2759  
[  5] 363.00-364.00 sec  3.81 MBytes  3.81 MBytes/sec  2759  
[  5] 364.00-365.00 sec  3.81 MBytes  3.81 MBytes/sec  2759  
[  5] 365.00-366.00 sec  4.32 MBytes  4.32 MBytes/sec  3130  
[  5] 366.00-367.00 sec  4.79 MBytes  4.79 MBytes/sec  3471  
[  5] 367.00-368.00 sec  4.79 MBytes  4.79 MBytes/sec  3470  
[  5] 368.00-369.00 sec  4.79 MBytes  4.79 MBytes/sec  3471  
[  5] 369.00-370.00 sec  4.79 MBytes  4.79 MBytes/sec  3471  
[  5] 370.00-371.00 sec  5.06 MBytes  5.06 MBytes/sec  3663  
[  5] 371.00-372.00 sec  5.37 MBytes  5.37 MBytes/sec  3887  
[  5] 372.00-373.00 sec  5.37 MBytes  5.37 MBytes/sec  3888  
[  5] 373.00-374.00 sec  5.37 MBytes  5.37 MBytes/sec  3887  
[  5] 374.00-375.00 sec  5.37 MBytes  5.37 MBytes/sec  3888  
[  5] 375.00-376.00 sec  5.64 MBytes  5.64 MBytes/sec  4083  
[  5] 376.00-377.00 sec  6.02 MBytes  6.02 MBytes/sec  4360  
[  5] 377.00-378.00 sec  6.02 MBytes  6.02 MBytes/sec  4361  
[  5] 378.00-379.00 sec  6.02 MBytes  6.02 MBytes/sec  4360  
[  5] 379.00-380.00 sec  6.02 MBytes  6.02 MBytes/sec  4361  
[  5] 380.00-381.00 sec  6.54 MBytes  6.54 MBytes/sec  4733  
[  5] 381.00-382.00 sec  7.42 MBytes  7.42 MBytes/sec  5375  
[  5] 382.00-383.00 sec  7.42 MBytes  7.42 MBytes/sec  5376  
[  5] 383.00-384.00 sec  7.42 MBytes  7.42 MBytes/sec  5375  
[  5] 384.00-385.00 sec  7.42 MBytes  7.42 MBytes/sec  5375  
[  5] 385.00-386.00 sec  7.79 MBytes  7.79 MBytes/sec  5638  
[  5] 386.00-387.00 sec  8.56 MBytes  8.56 MBytes/sec  6200  
[  5] 387.00-388.00 sec  8.56 MBytes  8.56 MBytes/sec  6201  
[  5] 388.00-389.00 sec  8.56 MBytes  8.56 MBytes/sec  6200  
[  5] 389.00-390.00 sec  8.56 MBytes  8.56 MBytes/sec  6201  
[  5] 390.00-391.00 sec  8.47 MBytes  8.47 MBytes/sec  6135  
[  5] 391.00-392.00 sec  8.23 MBytes  8.23 MBytes/sec  5959  
[  5] 392.00-393.00 sec  8.23 MBytes  8.23 MBytes/sec  5958  
[  5] 393.00-394.00 sec  8.23 MBytes  8.23 MBytes/sec  5958  
[  5] 394.00-395.00 sec  8.23 MBytes  8.23 MBytes/sec  5959  
[  5] 395.00-396.00 sec  8.47 MBytes  8.47 MBytes/sec  6130  
[  5] 396.00-397.00 sec  9.34 MBytes  9.34 MBytes/sec  6765  
[  5] 397.00-398.00 sec  9.34 MBytes  9.34 MBytes/sec  6764  
[  5] 398.00-399.00 sec  9.34 MBytes  9.34 MBytes/sec  6764  
[  5] 399.00-400.00 sec  9.34 MBytes  9.34 MBytes/sec  6765  
[  5] 400.00-401.00 sec  9.29 MBytes  9.29 MBytes/sec  6725  
[  5] 401.00-402.00 sec  9.02 MBytes  9.02 MBytes/sec  6534  
[  5] 402.00-403.00 sec  9.02 MBytes  9.02 MBytes/sec  6534  
[  5] 403.00-404.00 sec  9.02 MBytes  9.02 MBytes/sec  6534  
[  5] 404.00-405.00 sec  9.02 MBytes  9.02 MBytes/sec  6534  
[  5] 405.00-406.00 sec  9.05 MBytes  9.05 MBytes/sec  6556  
[  5] 406.00-407.00 sec  9.29 MBytes  9.29 MBytes/sec  6731  
[  5] 407.00-408.00 sec  9.29 MBytes  9.29 MBytes/sec  6730  
[  5] 408.00-409.00 sec  9.29 MBytes  9.30 MBytes/sec  6731  
[  5] 409.00-410.00 sec  9.29 MBytes  9.29 MBytes/sec  6730  
[  5] 410.00-411.00 sec  9.19 MBytes  9.19 MBytes/sec  6653  
[  5] 411.00-412.00 sec  7.49 MBytes  7.49 MBytes/sec  5423  
[  5] 412.00-413.00 sec  7.49 MBytes  7.49 MBytes/sec  5422  
[  5] 413.00-414.00 sec  7.49 MBytes  7.49 MBytes/sec  5423  
[  5] 414.00-415.00 sec  7.49 MBytes  7.49 MBytes/sec  5422  
[  5] 415.00-416.00 sec  7.47 MBytes  7.47 MBytes/sec  5409  
[  5] 416.00-417.00 sec  5.47 MBytes  5.47 MBytes/sec  3960  
[  5] 417.00-418.00 sec  5.47 MBytes  5.47 MBytes/sec  3960  
[  5] 418.00-419.00 sec  5.47 MBytes  5.47 MBytes/sec  3961  
[  5] 419.00-420.00 sec  5.47 MBytes  5.47 MBytes/sec  3960  
[  5] 420.00-421.00 sec  5.47 MBytes  5.47 MBytes/sec  3960  
[  5] 421.00-422.00 sec  8.00 MBytes  8.00 MBytes/sec  5790  
[  5] 422.00-423.00 sec  8.29 MBytes  8.29 MBytes/sec  6001  
[  5] 423.00-424.00 sec  8.29 MBytes  8.29 MBytes/sec  6001  
[  5] 424.00-425.00 sec  8.29 MBytes  8.29 MBytes/sec  6002  
[  5] 425.00-426.00 sec  8.29 MBytes  8.29 MBytes/sec  6001  
[  5] 426.00-427.00 sec  9.07 MBytes  9.07 MBytes/sec  6567  
[  5] 427.00-428.00 sec  9.22 MBytes  9.22 MBytes/sec  6676  
[  5] 428.00-429.00 sec  9.22 MBytes  9.22 MBytes/sec  6677  
[  5] 429.00-430.00 sec  9.22 MBytes  9.22 MBytes/sec  6676  
[  5] 430.00-431.00 sec  9.22 MBytes  9.22 MBytes/sec  6677  
[  5] 431.00-432.00 sec  9.90 MBytes  9.90 MBytes/sec  7168  
[  5] 432.00-433.00 sec  10.1 MBytes  10.1 MBytes/sec  7303  
[  5] 433.00-434.00 sec  10.1 MBytes  10.1 MBytes/sec  7303  
[  5] 434.00-435.00 sec  10.1 MBytes  10.1 MBytes/sec  7302  
[  5] 435.00-436.00 sec  10.1 MBytes  10.1 MBytes/sec  7303  
[  5] 436.00-437.00 sec  9.44 MBytes  9.44 MBytes/sec  6835  
[  5] 437.00-438.00 sec  9.21 MBytes  9.21 MBytes/sec  6669  
[  5] 438.00-439.00 sec  9.21 MBytes  9.21 MBytes/sec  6669  
[  5] 439.00-440.00 sec  9.21 MBytes  9.21 MBytes/sec  6669  
[  5] 440.00-441.00 sec  9.21 MBytes  9.21 MBytes/sec  6668  
[  5] 441.00-442.00 sec  7.27 MBytes  7.27 MBytes/sec  5263  
[  5] 442.00-443.00 sec  6.36 MBytes  6.36 MBytes/sec  4606  
[  5] 443.00-444.00 sec  6.36 MBytes  6.36 MBytes/sec  4605  
[  5] 444.00-445.00 sec  6.36 MBytes  6.36 MBytes/sec  4605  
[  5] 445.00-446.00 sec  6.36 MBytes  6.36 MBytes/sec  4606  
[  5] 446.00-447.00 sec  5.62 MBytes  5.62 MBytes/sec  4073  
[  5] 447.00-448.00 sec  5.19 MBytes  5.19 MBytes/sec  3761  
[  5] 448.00-449.00 sec  5.19 MBytes  5.19 MBytes/sec  3761  
[  5] 449.00-450.00 sec  5.19 MBytes  5.19 MBytes/sec  3760  
[  5] 450.00-451.00 sec  5.19 MBytes  5.19 MBytes/sec  3761  
[  5] 451.00-452.00 sec  5.14 MBytes  5.14 MBytes/sec  3723  
[  5] 452.00-453.00 sec  5.10 MBytes  5.10 MBytes/sec  3694  
[  5] 453.00-454.00 sec  5.10 MBytes  5.10 MBytes/sec  3694  
[  5] 454.00-455.00 sec  5.10 MBytes  5.10 MBytes/sec  3694  
[  5] 455.00-456.00 sec  5.10 MBytes  5.10 MBytes/sec  3694  
[  5] 456.00-457.00 sec  6.31 MBytes  6.31 MBytes/sec  4566  
[  5] 457.00-458.00 sec  7.36 MBytes  7.36 MBytes/sec  5328  
[  5] 458.00-459.00 sec  7.36 MBytes  7.36 MBytes/sec  5328  
[  5] 459.00-460.00 sec  7.36 MBytes  7.36 MBytes/sec  5328  
[  5] 460.00-461.00 sec  7.36 MBytes  7.36 MBytes/sec  5329  
[  5] 461.00-462.00 sec  7.46 MBytes  7.46 MBytes/sec  5405  
[  5] 462.00-463.00 sec  7.58 MBytes  7.58 MBytes/sec  5487  
[  5] 463.00-464.00 sec  7.58 MBytes  7.58 MBytes/sec  5486  
[  5] 464.00-465.00 sec  7.58 MBytes  7.58 MBytes/sec  5487  
[  5] 465.00-466.00 sec  7.58 MBytes  7.58 MBytes/sec  5486  
[  5] 466.00-467.00 sec  7.03 MBytes  7.03 MBytes/sec  5088  
[  5] 467.00-468.00 sec  6.30 MBytes  6.30 MBytes/sec  4559  
[  5] 468.00-469.00 sec  6.29 MBytes  6.29 MBytes/sec  4558  
[  5] 469.00-470.00 sec  6.30 MBytes  6.30 MBytes/sec  4559  
[  5] 470.00-471.00 sec  6.29 MBytes  6.29 MBytes/sec  4558  
[  5] 471.00-472.00 sec  6.81 MBytes  6.81 MBytes/sec  4932  
[  5] 472.00-473.00 sec  7.68 MBytes  7.68 MBytes/sec  5559  
[  5] 473.00-474.00 sec  7.68 MBytes  7.68 MBytes/sec  5558  
[  5] 474.00-475.00 sec  7.68 MBytes  7.68 MBytes/sec  5558  
[  5] 475.00-476.00 sec  7.68 MBytes  7.68 MBytes/sec  5558  
[  5] 476.00-477.00 sec  7.68 MBytes  7.67 MBytes/sec  5558  
[  5] 477.00-478.00 sec  7.68 MBytes  7.68 MBytes/sec  5558  
[  5] 478.00-479.00 sec  7.68 MBytes  7.68 MBytes/sec  5558  
[  5] 479.00-480.00 sec  7.68 MBytes  7.68 MBytes/sec  5558  
[  5] 480.00-481.00 sec  7.68 MBytes  7.68 MBytes/sec  5558  
[  5] 481.00-482.00 sec  7.68 MBytes  7.68 MBytes/sec  5559  
[  5] 482.00-483.00 sec  7.68 MBytes  7.68 MBytes/sec  5558  
[  5] 483.00-484.00 sec  7.68 MBytes  7.68 MBytes/sec  5558  
[  5] 484.00-485.00 sec  7.68 MBytes  7.67 MBytes/sec  5558  
[  5] 485.00-486.00 sec  7.68 MBytes  7.68 MBytes/sec  5558  
[  5] 486.00-487.00 sec  7.68 MBytes  7.67 MBytes/sec  5558  
[  5] 487.00-488.00 sec  7.68 MBytes  7.68 MBytes/sec  5558  
[  5] 488.00-489.00 sec  7.68 MBytes  7.68 MBytes/sec  5558  
[  5] 489.00-490.00 sec  7.68 MBytes  7.68 MBytes/sec  5558  
[  5] 490.00-491.00 sec  7.68 MBytes  7.68 MBytes/sec  5558  
[  5] 491.00-492.00 sec  7.68 MBytes  7.68 MBytes/sec  5558  
[  5] 492.00-493.00 sec  7.68 MBytes  7.68 MBytes/sec  5559  
[  5] 493.00-494.00 sec  7.68 MBytes  7.68 MBytes/sec  5558  
[  5] 494.00-495.00 sec  7.68 MBytes  7.68 MBytes/sec  5558  
[  5] 495.00-496.00 sec  7.68 MBytes  7.68 MBytes/sec  5558  
[  5] 496.00-497.00 sec  7.68 MBytes  7.68 MBytes/sec  5558  
[  5] 497.00-498.00 sec  7.68 MBytes  7.67 MBytes/sec  5558  
[  5] 498.00-499.00 sec  7.68 MBytes  7.68 MBytes/sec  5558  
[  5] 499.00-500.00 sec  7.68 MBytes  7.68 MBytes/sec  5558  
- - - - - - - - - - - - - - - - - - - - - - - - -
[ ID] Interval           Transfer     Bitrate         Jitter    Lost/Total Datagrams
[  5]   0.00-500.00 sec  2.11 GBytes  4.33 MBytes/sec  0.000 ms  0/1567002 (0%)  sender
[  5]   0.00-500.06 sec  2.11 GBytes  4.33 MBytes/sec  0.009 ms  0/1567002 (0%)  receiver

iperf Done.
