Connecting to host 192.168.88.241, port 5201
[  5] local 192.168.88.250 port 48246 connected to 192.168.88.241 port 5201
[ ID] Interval           Transfer     Bitrate         Total Datagrams
[  5]   0.00-1.00   sec  3.07 MBytes  3.07 MBytes/sec  2224  
[  5]   1.00-2.00   sec  2.89 MBytes  2.89 MBytes/sec  2093  
[  5]   2.00-3.00   sec  2.89 MBytes  2.89 MBytes/sec  2093  
[  5]   3.00-4.00   sec  2.89 MBytes  2.89 MBytes/sec  2094  
[  5]   4.00-5.00   sec  2.89 MBytes  2.89 MBytes/sec  2094  
[  5]   5.00-6.00   sec  3.54 MBytes  3.53 MBytes/sec  2560  
[  5]   6.00-7.00   sec  3.58 MBytes  3.58 MBytes/sec  2595  
[  5]   7.00-8.00   sec  3.58 MBytes  3.58 MBytes/sec  2595  
[  5]   8.00-9.00   sec  3.58 MBytes  3.58 MBytes/sec  2596  
[  5]   9.00-10.00  sec  3.58 MBytes  3.58 MBytes/sec  2595  
[  5]  10.00-11.00  sec  2.93 MBytes  2.93 MBytes/sec  2123  
[  5]  11.00-12.00  sec  2.81 MBytes  2.81 MBytes/sec  2036  
[  5]  12.00-13.00  sec  2.81 MBytes  2.81 MBytes/sec  2036  
[  5]  13.00-14.00  sec  2.81 MBytes  2.81 MBytes/sec  2036  
[  5]  14.00-15.00  sec  2.81 MBytes  2.81 MBytes/sec  2036  
[  5]  15.00-16.00  sec  1.69 MBytes  1.69 MBytes/sec  1223  
[  5]  16.00-17.00  sec  1.35 MBytes  1.34 MBytes/sec  974  
[  5]  17.00-18.00  sec  1.34 MBytes  1.34 MBytes/sec  973  
[  5]  18.00-19.00  sec  1.35 MBytes  1.35 MBytes/sec  974  
[  5]  19.00-20.00  sec  1.35 MBytes  1.35 MBytes/sec  974  
[  5]  20.00-21.00  sec  2.31 MBytes  2.31 MBytes/sec  1675  
[  5]  21.00-22.00  sec  2.74 MBytes  2.74 MBytes/sec  1984  
[  5]  22.00-23.00  sec  2.74 MBytes  2.74 MBytes/sec  1985  
[  5]  23.00-24.00  sec  2.74 MBytes  2.74 MBytes/sec  1984  
[  5]  24.00-25.00  sec  2.74 MBytes  2.74 MBytes/sec  1985  
[  5]  25.00-26.00  sec  3.83 MBytes  3.83 MBytes/sec  2775  
[  5]  26.00-27.00  sec  4.55 MBytes  4.55 MBytes/sec  3292  
[  5]  27.00-28.00  sec  4.54 MBytes  4.54 MBytes/sec  3291  
[  5]  28.00-29.00  sec  4.55 MBytes  4.55 MBytes/sec  3292  
[  5]  29.00-30.00  sec  4.54 MBytes  4.54 MBytes/sec  3291  
[  5]  30.00-31.00  sec  4.85 MBytes  4.85 MBytes/sec  3510  
[  5]  31.00-32.00  sec  5.14 MBytes  5.14 MBytes/sec  3725  
[  5]  32.00-33.00  sec  5.14 MBytes  5.14 MBytes/sec  3724  
[  5]  33.00-34.00  sec  5.14 MBytes  5.14 MBytes/sec  3725  
[  5]  34.00-35.00  sec  5.14 MBytes  5.14 MBytes/sec  3724  
[  5]  35.00-36.00  sec  5.19 MBytes  5.19 MBytes/sec  3761  
[  5]  36.00-37.00  sec  5.26 MBytes  5.26 MBytes/sec  3809  
[  5]  37.00-38.00  sec  5.26 MBytes  5.26 MBytes/sec  3809  
[  5]  38.00-39.00  sec  5.26 MBytes  5.26 MBytes/sec  3809  
[  5]  39.00-40.00  sec  5.26 MBytes  5.26 MBytes/sec  3809  
[  5]  40.00-41.00  sec  5.14 MBytes  5.14 MBytes/sec  3719  
[  5]  41.00-42.00  sec  4.86 MBytes  4.86 MBytes/sec  3519  
[  5]  42.00-43.00  sec  4.86 MBytes  4.86 MBytes/sec  3518  
[  5]  43.00-44.00  sec  4.86 MBytes  4.86 MBytes/sec  3518  
[  5]  44.00-45.00  sec  4.86 MBytes  4.86 MBytes/sec  3519  
[  5]  45.00-46.00  sec  4.84 MBytes  4.84 MBytes/sec  3505  
[  5]  46.00-47.00  sec  4.78 MBytes  4.78 MBytes/sec  3463  
[  5]  47.00-48.00  sec  4.78 MBytes  4.78 MBytes/sec  3462  
[  5]  48.00-49.00  sec  4.78 MBytes  4.78 MBytes/sec  3463  
[  5]  49.00-50.00  sec  4.78 MBytes  4.78 MBytes/sec  3463  
[  5]  50.00-51.00  sec  4.79 MBytes  4.79 MBytes/sec  3471  
[  5]  51.00-52.00  sec  4.89 MBytes  4.89 MBytes/sec  3544  
[  5]  52.00-53.00  sec  4.90 MBytes  4.90 MBytes/sec  3545  
[  5]  53.00-54.00  sec  4.90 MBytes  4.90 MBytes/sec  3545  
[  5]  54.00-55.00  sec  4.90 MBytes  4.90 MBytes/sec  3545  
[  5]  55.00-56.00  sec  4.90 MBytes  4.90 MBytes/sec  3547  
[  5]  56.00-57.00  sec  5.02 MBytes  5.02 MBytes/sec  3637  
[  5]  57.00-58.00  sec  5.02 MBytes  5.02 MBytes/sec  3637  
[  5]  58.00-59.00  sec  5.02 MBytes  5.02 MBytes/sec  3636  
[  5]  59.00-60.00  sec  5.02 MBytes  5.02 MBytes/sec  3637  
[  5]  60.00-61.00  sec  5.02 MBytes  5.02 MBytes/sec  3637  
[  5]  61.00-62.00  sec  5.24 MBytes  5.24 MBytes/sec  3793  
[  5]  62.00-63.00  sec  5.25 MBytes  5.25 MBytes/sec  3802  
[  5]  63.00-64.00  sec  5.25 MBytes  5.25 MBytes/sec  3802  
[  5]  64.00-65.00  sec  5.25 MBytes  5.25 MBytes/sec  3802  
[  5]  65.00-66.00  sec  5.25 MBytes  5.25 MBytes/sec  3802  
[  5]  66.00-67.00  sec  5.17 MBytes  5.17 MBytes/sec  3745  
[  5]  67.00-68.00  sec  5.16 MBytes  5.16 MBytes/sec  3738  
[  5]  68.00-69.00  sec  5.16 MBytes  5.16 MBytes/sec  3738  
[  5]  69.00-70.00  sec  5.16 MBytes  5.16 MBytes/sec  3739  
[  5]  70.00-71.00  sec  5.16 MBytes  5.16 MBytes/sec  3738  
[  5]  71.00-72.00  sec  4.89 MBytes  4.89 MBytes/sec  3540  
[  5]  72.00-73.00  sec  4.84 MBytes  4.84 MBytes/sec  3506  
[  5]  73.00-74.00  sec  4.84 MBytes  4.84 MBytes/sec  3506  
[  5]  74.00-75.00  sec  4.84 MBytes  4.84 MBytes/sec  3506  
[  5]  75.00-76.00  sec  4.84 MBytes  4.84 MBytes/sec  3506  
[  5]  76.00-77.00  sec  4.18 MBytes  4.18 MBytes/sec  3030  
[  5]  77.00-78.00  sec  3.97 MBytes  3.97 MBytes/sec  2876  
[  5]  78.00-79.00  sec  3.97 MBytes  3.97 MBytes/sec  2876  
[  5]  79.00-80.00  sec  3.97 MBytes  3.97 MBytes/sec  2876  
[  5]  80.00-81.00  sec  3.97 MBytes  3.97 MBytes/sec  2875  
[  5]  81.00-82.00  sec  4.66 MBytes  4.66 MBytes/sec  3374  
[  5]  82.00-83.00  sec  5.04 MBytes  5.04 MBytes/sec  3651  
[  5]  83.00-84.00  sec  5.04 MBytes  5.04 MBytes/sec  3652  
[  5]  84.00-85.00  sec  5.04 MBytes  5.04 MBytes/sec  3652  
[  5]  85.00-86.00  sec  5.04 MBytes  5.04 MBytes/sec  3652  
[  5]  86.00-87.00  sec  4.55 MBytes  4.55 MBytes/sec  3297  
[  5]  87.00-88.00  sec  4.19 MBytes  4.19 MBytes/sec  3035  
[  5]  88.00-89.00  sec  4.19 MBytes  4.19 MBytes/sec  3035  
[  5]  89.00-90.00  sec  4.19 MBytes  4.19 MBytes/sec  3034  
[  5]  90.00-91.00  sec  4.19 MBytes  4.19 MBytes/sec  3035  
[  5]  91.00-92.00  sec  4.72 MBytes  4.72 MBytes/sec  3420  
[  5]  92.00-93.00  sec  5.23 MBytes  5.23 MBytes/sec  3788  
[  5]  93.00-94.00  sec  5.23 MBytes  5.23 MBytes/sec  3788  
[  5]  94.00-95.00  sec  5.23 MBytes  5.23 MBytes/sec  3788  
[  5]  95.00-96.00  sec  5.23 MBytes  5.23 MBytes/sec  3788  
[  5]  96.00-97.00  sec  5.08 MBytes  5.08 MBytes/sec  3676  
[  5]  97.00-98.00  sec  4.83 MBytes  4.83 MBytes/sec  3501  
[  5]  98.00-99.00  sec  4.83 MBytes  4.83 MBytes/sec  3501  
[  5]  99.00-100.00 sec  4.83 MBytes  4.83 MBytes/sec  3501  
[  5] 100.00-101.00 sec  4.83 MBytes  4.83 MBytes/sec  3501  
[  5] 101.00-102.00 sec  4.57 MBytes  4.57 MBytes/sec  3310  
[  5] 102.00-103.00 sec  3.99 MBytes  3.99 MBytes/sec  2886  
[  5] 103.00-104.00 sec  3.99 MBytes  3.99 MBytes/sec  2886  
[  5] 104.00-105.00 sec  3.99 MBytes  3.99 MBytes/sec  2886  
[  5] 105.00-106.00 sec  3.98 MBytes  3.98 MBytes/sec  2885  
[  5] 106.00-107.00 sec  3.81 MBytes  3.81 MBytes/sec  2757  
[  5] 107.00-108.00 sec  3.27 MBytes  3.27 MBytes/sec  2369  
[  5] 108.00-109.00 sec  3.27 MBytes  3.27 MBytes/sec  2370  
[  5] 109.00-110.00 sec  3.27 MBytes  3.27 MBytes/sec  2369  
[  5] 110.00-111.00 sec  3.27 MBytes  3.27 MBytes/sec  2369  
[  5] 111.00-112.00 sec  3.53 MBytes  3.53 MBytes/sec  2555  
[  5] 112.00-113.00 sec  4.82 MBytes  4.82 MBytes/sec  3493  
[  5] 113.00-114.00 sec  4.82 MBytes  4.82 MBytes/sec  3493  
[  5] 114.00-115.00 sec  4.82 MBytes  4.82 MBytes/sec  3493  
[  5] 115.00-116.00 sec  4.82 MBytes  4.82 MBytes/sec  3493  
[  5] 116.00-117.00 sec  4.85 MBytes  4.85 MBytes/sec  3513  
[  5] 117.00-118.00 sec  5.15 MBytes  5.15 MBytes/sec  3730  
[  5] 118.00-119.00 sec  5.15 MBytes  5.15 MBytes/sec  3731  
[  5] 119.00-120.00 sec  5.15 MBytes  5.15 MBytes/sec  3730  
[  5] 120.00-121.00 sec  5.15 MBytes  5.15 MBytes/sec  3730  
[  5] 121.00-122.00 sec  5.15 MBytes  5.15 MBytes/sec  3731  
[  5] 122.00-123.00 sec  5.30 MBytes  5.30 MBytes/sec  3839  
[  5] 123.00-124.00 sec  5.30 MBytes  5.30 MBytes/sec  3838  
[  5] 124.00-125.00 sec  5.30 MBytes  5.30 MBytes/sec  3839  
[  5] 125.00-126.00 sec  5.30 MBytes  5.30 MBytes/sec  3839  
[  5] 126.00-127.00 sec  5.30 MBytes  5.30 MBytes/sec  3839  
[  5] 127.00-128.00 sec  4.11 MBytes  4.11 MBytes/sec  2979  
[  5] 128.00-129.00 sec  3.95 MBytes  3.95 MBytes/sec  2857  
[  5] 129.00-130.00 sec  3.95 MBytes  3.95 MBytes/sec  2858  
[  5] 130.00-131.00 sec  3.95 MBytes  3.95 MBytes/sec  2858  
[  5] 131.00-132.00 sec  3.95 MBytes  3.95 MBytes/sec  2857  
[  5] 132.00-133.00 sec  4.88 MBytes  4.88 MBytes/sec  3534  
[  5] 133.00-134.00 sec  5.10 MBytes  5.10 MBytes/sec  3693  
[  5] 134.00-135.00 sec  5.10 MBytes  5.10 MBytes/sec  3694  
[  5] 135.00-136.00 sec  5.10 MBytes  5.10 MBytes/sec  3693  
[  5] 136.00-137.00 sec  5.10 MBytes  5.10 MBytes/sec  3693  
[  5] 137.00-138.00 sec  5.02 MBytes  5.02 MBytes/sec  3634  
[  5] 138.00-139.00 sec  4.99 MBytes  4.99 MBytes/sec  3614  
[  5] 139.00-140.00 sec  4.99 MBytes  4.99 MBytes/sec  3615  
[  5] 140.00-141.00 sec  4.99 MBytes  4.99 MBytes/sec  3615  
[  5] 141.00-142.00 sec  4.99 MBytes  4.99 MBytes/sec  3614  
[  5] 142.00-143.00 sec  4.92 MBytes  4.92 MBytes/sec  3565  
[  5] 143.00-144.00 sec  4.89 MBytes  4.89 MBytes/sec  3544  
[  5] 144.00-145.00 sec  4.89 MBytes  4.89 MBytes/sec  3544  
[  5] 145.00-146.00 sec  4.90 MBytes  4.90 MBytes/sec  3545  
[  5] 146.00-147.00 sec  4.89 MBytes  4.89 MBytes/sec  3544  
[  5] 147.00-148.00 sec  4.33 MBytes  4.33 MBytes/sec  3135  
[  5] 148.00-149.00 sec  4.03 MBytes  4.03 MBytes/sec  2918  
[  5] 149.00-150.00 sec  4.03 MBytes  4.03 MBytes/sec  2919  
[  5] 150.00-151.00 sec  4.03 MBytes  4.03 MBytes/sec  2918  
[  5] 151.00-152.00 sec  4.03 MBytes  4.03 MBytes/sec  2919  
[  5] 152.00-153.00 sec  4.60 MBytes  4.60 MBytes/sec  3328  
[  5] 153.00-154.00 sec  4.97 MBytes  4.97 MBytes/sec  3599  
[  5] 154.00-155.00 sec  4.97 MBytes  4.97 MBytes/sec  3599  
[  5] 155.00-156.00 sec  4.97 MBytes  4.97 MBytes/sec  3600  
[  5] 156.00-157.00 sec  4.97 MBytes  4.97 MBytes/sec  3599  
[  5] 157.00-158.00 sec  4.85 MBytes  4.85 MBytes/sec  3510  
[  5] 158.00-159.00 sec  4.74 MBytes  4.74 MBytes/sec  3434  
[  5] 159.00-160.00 sec  4.74 MBytes  4.74 MBytes/sec  3434  
[  5] 160.00-161.00 sec  4.74 MBytes  4.74 MBytes/sec  3434  
[  5] 161.00-162.00 sec  4.74 MBytes  4.74 MBytes/sec  3434  
[  5] 162.00-163.00 sec  4.69 MBytes  4.69 MBytes/sec  3396  
[  5] 163.00-164.00 sec  4.63 MBytes  4.63 MBytes/sec  3353  
[  5] 164.00-165.00 sec  4.63 MBytes  4.63 MBytes/sec  3353  
[  5] 165.00-166.00 sec  4.63 MBytes  4.63 MBytes/sec  3353  
[  5] 166.00-167.00 sec  4.63 MBytes  4.63 MBytes/sec  3353  
[  5] 167.00-168.00 sec  4.59 MBytes  4.59 MBytes/sec  3321  
[  5] 168.00-169.00 sec  4.52 MBytes  4.52 MBytes/sec  3270  
[  5] 169.00-170.00 sec  4.52 MBytes  4.52 MBytes/sec  3270  
[  5] 170.00-171.00 sec  4.52 MBytes  4.52 MBytes/sec  3271  
[  5] 171.00-172.00 sec  4.52 MBytes  4.52 MBytes/sec  3270  
[  5] 172.00-173.00 sec  4.58 MBytes  4.58 MBytes/sec  3319  
[  5] 173.00-174.00 sec  4.73 MBytes  4.73 MBytes/sec  3424  
[  5] 174.00-175.00 sec  4.73 MBytes  4.73 MBytes/sec  3423  
[  5] 175.00-176.00 sec  4.73 MBytes  4.73 MBytes/sec  3423  
[  5] 176.00-177.00 sec  4.73 MBytes  4.73 MBytes/sec  3423  
[  5] 177.00-178.00 sec  4.71 MBytes  4.71 MBytes/sec  3413  
[  5] 178.00-179.00 sec  4.68 MBytes  4.68 MBytes/sec  3388  
[  5] 179.00-180.00 sec  4.68 MBytes  4.68 MBytes/sec  3388  
[  5] 180.00-181.00 sec  4.68 MBytes  4.68 MBytes/sec  3387  
[  5] 181.00-182.00 sec  4.68 MBytes  4.68 MBytes/sec  3388  
[  5] 182.00-183.00 sec  4.75 MBytes  4.75 MBytes/sec  3442  
[  5] 183.00-184.00 sec  5.03 MBytes  5.03 MBytes/sec  3639  
[  5] 184.00-185.00 sec  5.02 MBytes  5.02 MBytes/sec  3638  
[  5] 185.00-186.00 sec  5.03 MBytes  5.03 MBytes/sec  3639  
[  5] 186.00-187.00 sec  5.03 MBytes  5.03 MBytes/sec  3639  
[  5] 187.00-188.00 sec  4.90 MBytes  4.90 MBytes/sec  3551  
[  5] 188.00-189.00 sec  4.25 MBytes  4.25 MBytes/sec  3081  
[  5] 189.00-190.00 sec  4.25 MBytes  4.25 MBytes/sec  3081  
[  5] 190.00-191.00 sec  4.25 MBytes  4.25 MBytes/sec  3081  
[  5] 191.00-192.00 sec  4.25 MBytes  4.25 MBytes/sec  3081  
[  5] 192.00-193.00 sec  4.28 MBytes  4.28 MBytes/sec  3101  
[  5] 193.00-194.00 sec  4.52 MBytes  4.52 MBytes/sec  3273  
[  5] 194.00-195.00 sec  4.52 MBytes  4.52 MBytes/sec  3273  
[  5] 195.00-196.00 sec  4.52 MBytes  4.52 MBytes/sec  3273  
[  5] 196.00-197.00 sec  4.52 MBytes  4.52 MBytes/sec  3273  
[  5] 197.00-198.00 sec  4.55 MBytes  4.55 MBytes/sec  3297  
[  5] 198.00-199.00 sec  5.31 MBytes  5.31 MBytes/sec  3847  
[  5] 199.00-200.00 sec  5.31 MBytes  5.31 MBytes/sec  3847  
[  5] 200.00-201.00 sec  5.31 MBytes  5.31 MBytes/sec  3847  
[  5] 201.00-202.00 sec  5.31 MBytes  5.31 MBytes/sec  3847  
[  5] 202.00-203.00 sec  5.31 MBytes  5.31 MBytes/sec  3847  
[  5] 203.00-204.00 sec  4.38 MBytes  4.38 MBytes/sec  3170  
[  5] 204.00-205.00 sec  4.30 MBytes  4.30 MBytes/sec  3111  
[  5] 205.00-206.00 sec  4.30 MBytes  4.30 MBytes/sec  3111  
[  5] 206.00-207.00 sec  4.30 MBytes  4.30 MBytes/sec  3111  
[  5] 207.00-208.00 sec  4.30 MBytes  4.30 MBytes/sec  3111  
[  5] 208.00-209.00 sec  4.03 MBytes  4.03 MBytes/sec  2920  
[  5] 209.00-210.00 sec  3.96 MBytes  3.96 MBytes/sec  2866  
[  5] 210.00-211.00 sec  3.96 MBytes  3.96 MBytes/sec  2866  
[  5] 211.00-212.00 sec  3.96 MBytes  3.96 MBytes/sec  2866  
[  5] 212.00-213.00 sec  3.96 MBytes  3.96 MBytes/sec  2866  
[  5] 213.00-214.00 sec  2.79 MBytes  2.79 MBytes/sec  2024  
[  5] 214.00-215.00 sec  2.29 MBytes  2.29 MBytes/sec  1659  
[  5] 215.00-216.00 sec  2.29 MBytes  2.29 MBytes/sec  1658  
[  5] 216.00-217.00 sec  2.29 MBytes  2.29 MBytes/sec  1658  
[  5] 217.00-218.00 sec  2.29 MBytes  2.29 MBytes/sec  1659  
[  5] 218.00-219.00 sec  1.58 MBytes  1.58 MBytes/sec  1141  
[  5] 219.00-220.00 sec  1.11 MBytes  1.11 MBytes/sec  803  
[  5] 220.00-221.00 sec  1.11 MBytes  1.11 MBytes/sec  803  
[  5] 221.00-222.00 sec  1.11 MBytes  1.11 MBytes/sec  803  
[  5] 222.00-223.00 sec  1.11 MBytes  1.11 MBytes/sec  803  
[  5] 223.00-224.00 sec   969 KBytes  0.95 MBytes/sec  685  
[  5] 224.00-225.00 sec   816 KBytes  0.80 MBytes/sec  577  
[  5] 225.00-226.00 sec   816 KBytes  0.80 MBytes/sec  577  
[  5] 226.00-227.00 sec   816 KBytes  0.80 MBytes/sec  577  
[  5] 227.00-228.00 sec   816 KBytes  0.80 MBytes/sec  577  
[  5] 228.00-229.00 sec   834 KBytes  0.81 MBytes/sec  590  
[  5] 229.00-230.00 sec   865 KBytes  0.85 MBytes/sec  612  
[  5] 230.00-231.00 sec   864 KBytes  0.84 MBytes/sec  611  
[  5] 231.00-232.00 sec   865 KBytes  0.85 MBytes/sec  612  
[  5] 232.00-233.00 sec   864 KBytes  0.84 MBytes/sec  611  
[  5] 233.00-234.00 sec   841 KBytes  0.82 MBytes/sec  595  
[  5] 234.00-235.00 sec   790 KBytes  0.77 MBytes/sec  559  
[  5] 235.00-236.00 sec   790 KBytes  0.77 MBytes/sec  559  
[  5] 236.00-237.00 sec   790 KBytes  0.77 MBytes/sec  559  
[  5] 237.00-238.00 sec   792 KBytes  0.77 MBytes/sec  560  
[  5] 238.00-239.00 sec   718 KBytes  0.70 MBytes/sec  508  
[  5] 239.00-240.00 sec   461 KBytes  0.45 MBytes/sec  326  
[  5] 240.00-241.00 sec   461 KBytes  0.45 MBytes/sec  326  
[  5] 241.00-242.00 sec   460 KBytes  0.45 MBytes/sec  325  
[  5] 242.00-243.00 sec   458 KBytes  0.45 MBytes/sec  324  
[  5] 243.00-244.00 sec   445 KBytes  0.44 MBytes/sec  315  
[  5] 244.00-245.00 sec   334 KBytes  0.33 MBytes/sec  236  
[  5] 245.00-246.00 sec   335 KBytes  0.33 MBytes/sec  237  
[  5] 246.00-247.00 sec   335 KBytes  0.33 MBytes/sec  237  
[  5] 247.00-248.00 sec   334 KBytes  0.33 MBytes/sec  236  
[  5] 248.00-249.00 sec   337 KBytes  0.33 MBytes/sec  238  
[  5] 249.00-250.00 sec   389 KBytes  0.38 MBytes/sec  275  
[  5] 250.00-251.00 sec   387 KBytes  0.38 MBytes/sec  274  
[  5] 251.00-252.00 sec   389 KBytes  0.38 MBytes/sec  275  
[  5] 252.00-253.00 sec   389 KBytes  0.38 MBytes/sec  275  
[  5] 253.00-254.00 sec   387 KBytes  0.38 MBytes/sec  274  
[  5] 254.00-255.00 sec   485 KBytes  0.47 MBytes/sec  343  
[  5] 255.00-256.00 sec   491 KBytes  0.48 MBytes/sec  347  
[  5] 256.00-257.00 sec   491 KBytes  0.48 MBytes/sec  347  
[  5] 257.00-258.00 sec   489 KBytes  0.48 MBytes/sec  346  
[  5] 258.00-259.00 sec   491 KBytes  0.48 MBytes/sec  347  
[  5] 259.00-260.00 sec   399 KBytes  0.39 MBytes/sec  282  
[  5] 260.00-261.00 sec   385 KBytes  0.38 MBytes/sec  272  
[  5] 261.00-262.00 sec   386 KBytes  0.38 MBytes/sec  273  
[  5] 262.00-263.00 sec   385 KBytes  0.38 MBytes/sec  272  
[  5] 263.00-264.00 sec   386 KBytes  0.38 MBytes/sec  273  
[  5] 264.00-265.00 sec   407 KBytes  0.40 MBytes/sec  288  
[  5] 265.00-266.00 sec   414 KBytes  0.40 MBytes/sec  293  
[  5] 266.00-267.00 sec   413 KBytes  0.40 MBytes/sec  292  
[  5] 267.00-268.00 sec   413 KBytes  0.40 MBytes/sec  292  
[  5] 268.00-269.00 sec   413 KBytes  0.40 MBytes/sec  292  
[  5] 269.00-270.00 sec   735 KBytes  0.72 MBytes/sec  520  
[  5] 270.00-271.00 sec   837 KBytes  0.82 MBytes/sec  592  
[  5] 271.00-272.00 sec   836 KBytes  0.82 MBytes/sec  591  
[  5] 272.00-273.00 sec   837 KBytes  0.82 MBytes/sec  592  
[  5] 273.00-274.00 sec   836 KBytes  0.82 MBytes/sec  591  
[  5] 274.00-275.00 sec   966 KBytes  0.94 MBytes/sec  683  
[  5] 275.00-276.00 sec  1024 KBytes  1.00 MBytes/sec  724  
[  5] 276.00-277.00 sec  1024 KBytes  1.00 MBytes/sec  724  
[  5] 277.00-278.00 sec  1.00 MBytes  1.00 MBytes/sec  725  
[  5] 278.00-279.00 sec  1024 KBytes  1.00 MBytes/sec  724  
[  5] 279.00-280.00 sec   830 KBytes  0.81 MBytes/sec  587  
[  5] 280.00-281.00 sec   711 KBytes  0.69 MBytes/sec  503  
[  5] 281.00-282.00 sec   711 KBytes  0.69 MBytes/sec  503  
[  5] 282.00-283.00 sec   711 KBytes  0.69 MBytes/sec  503  
[  5] 283.00-284.00 sec   711 KBytes  0.69 MBytes/sec  503  
[  5] 284.00-285.00 sec  1.78 MBytes  1.78 MBytes/sec  1287  
[  5] 285.00-286.00 sec  2.72 MBytes  2.72 MBytes/sec  1971  
[  5] 286.00-287.00 sec  2.72 MBytes  2.72 MBytes/sec  1973  
[  5] 287.00-288.00 sec  2.72 MBytes  2.72 MBytes/sec  1973  
[  5] 288.00-289.00 sec  2.72 MBytes  2.72 MBytes/sec  1970  
[  5] 289.00-290.00 sec  1.89 MBytes  1.89 MBytes/sec  1372  
[  5] 290.00-291.00 sec   971 KBytes  0.95 MBytes/sec  687  
[  5] 291.00-292.00 sec   971 KBytes  0.95 MBytes/sec  687  
[  5] 292.00-293.00 sec   970 KBytes  0.95 MBytes/sec  686  
[  5] 293.00-294.00 sec   971 KBytes  0.95 MBytes/sec  687  
[  5] 294.00-295.00 sec  1000 KBytes  0.98 MBytes/sec  707  
[  5] 295.00-296.00 sec  1.02 MBytes  1.02 MBytes/sec  740  
[  5] 296.00-297.00 sec  1.02 MBytes  1.02 MBytes/sec  741  
[  5] 297.00-298.00 sec  1.02 MBytes  1.02 MBytes/sec  740  
[  5] 298.00-299.00 sec  1.02 MBytes  1.02 MBytes/sec  740  
[  5] 299.00-300.00 sec   974 KBytes  0.95 MBytes/sec  689  
[  5] 300.00-301.00 sec   802 KBytes  0.78 MBytes/sec  567  
[  5] 301.00-302.00 sec   803 KBytes  0.78 MBytes/sec  568  
[  5] 302.00-303.00 sec   803 KBytes  0.78 MBytes/sec  568  
[  5] 303.00-304.00 sec   803 KBytes  0.78 MBytes/sec  568  
[  5] 304.00-305.00 sec   822 KBytes  0.80 MBytes/sec  581  
[  5] 305.00-306.00 sec   904 KBytes  0.88 MBytes/sec  639  
[  5] 306.00-307.00 sec   902 KBytes  0.88 MBytes/sec  638  
[  5] 307.00-308.00 sec   904 KBytes  0.88 MBytes/sec  639  
[  5] 308.00-309.00 sec   904 KBytes  0.88 MBytes/sec  639  
[  5] 309.00-310.00 sec   915 KBytes  0.89 MBytes/sec  647  
[  5] 310.00-311.00 sec   990 KBytes  0.97 MBytes/sec  700  
[  5] 311.00-312.00 sec   988 KBytes  0.97 MBytes/sec  699  
[  5] 312.00-313.00 sec   990 KBytes  0.97 MBytes/sec  700  
[  5] 313.00-314.00 sec   990 KBytes  0.97 MBytes/sec  700  
[  5] 314.00-315.00 sec   987 KBytes  0.96 MBytes/sec  698  
[  5] 315.00-316.00 sec   943 KBytes  0.92 MBytes/sec  667  
[  5] 316.00-317.00 sec   945 KBytes  0.92 MBytes/sec  668  
[  5] 317.00-318.00 sec   943 KBytes  0.92 MBytes/sec  667  
[  5] 318.00-319.00 sec   945 KBytes  0.92 MBytes/sec  668  
[  5] 319.00-320.00 sec   945 KBytes  0.92 MBytes/sec  668  
[  5] 320.00-321.00 sec   928 KBytes  0.91 MBytes/sec  656  
[  5] 321.00-322.00 sec   926 KBytes  0.90 MBytes/sec  655  
[  5] 322.00-323.00 sec   926 KBytes  0.90 MBytes/sec  655  
[  5] 323.00-324.00 sec   926 KBytes  0.90 MBytes/sec  655  
[  5] 324.00-325.00 sec   926 KBytes  0.90 MBytes/sec  655  
[  5] 325.00-326.00 sec  1.06 MBytes  1.06 MBytes/sec  767  
[  5] 326.00-327.00 sec  1.08 MBytes  1.08 MBytes/sec  781  
[  5] 327.00-328.00 sec  1.08 MBytes  1.08 MBytes/sec  781  
[  5] 328.00-329.00 sec  1.08 MBytes  1.08 MBytes/sec  781  
[  5] 329.00-330.00 sec  1.08 MBytes  1.08 MBytes/sec  780  
[  5] 330.00-331.00 sec  1.44 MBytes  1.44 MBytes/sec  1040  
[  5] 331.00-332.00 sec  1.51 MBytes  1.51 MBytes/sec  1093  
[  5] 332.00-333.00 sec  1.51 MBytes  1.51 MBytes/sec  1094  
[  5] 333.00-334.00 sec  1.51 MBytes  1.51 MBytes/sec  1093  
[  5] 334.00-335.00 sec  1.51 MBytes  1.51 MBytes/sec  1094  
[  5] 335.00-336.00 sec   954 KBytes  0.93 MBytes/sec  675  
[  5] 336.00-337.00 sec   757 KBytes  0.74 MBytes/sec  535  
[  5] 337.00-338.00 sec   758 KBytes  0.74 MBytes/sec  536  
[  5] 338.00-339.00 sec   758 KBytes  0.74 MBytes/sec  536  
[  5] 339.00-340.00 sec   757 KBytes  0.74 MBytes/sec  535  
[  5] 340.00-341.00 sec   604 KBytes  0.59 MBytes/sec  427  
[  5] 341.00-342.00 sec   525 KBytes  0.51 MBytes/sec  371  
[  5] 342.00-343.00 sec   525 KBytes  0.51 MBytes/sec  371  
[  5] 343.00-344.00 sec   525 KBytes  0.51 MBytes/sec  371  
[  5] 344.00-345.00 sec   525 KBytes  0.51 MBytes/sec  371  
[  5] 345.00-346.00 sec   935 KBytes  0.91 MBytes/sec  661  
[  5] 346.00-347.00 sec  1.22 MBytes  1.22 MBytes/sec  883  
[  5] 347.00-348.00 sec  1.22 MBytes  1.22 MBytes/sec  883  
[  5] 348.00-349.00 sec  1.22 MBytes  1.22 MBytes/sec  883  
[  5] 349.00-350.00 sec  1.22 MBytes  1.22 MBytes/sec  883  
[  5] 350.00-351.00 sec  1.33 MBytes  1.33 MBytes/sec  966  
[  5] 351.00-352.00 sec  1.45 MBytes  1.45 MBytes/sec  1049  
[  5] 352.00-353.00 sec  1.45 MBytes  1.45 MBytes/sec  1049  
[  5] 353.00-354.00 sec  1.45 MBytes  1.45 MBytes/sec  1049  
[  5] 354.00-355.00 sec  1.45 MBytes  1.45 MBytes/sec  1049  
[  5] 355.00-356.00 sec  1.47 MBytes  1.47 MBytes/sec  1063  
[  5] 356.00-357.00 sec  1.50 MBytes  1.50 MBytes/sec  1087  
[  5] 357.00-358.00 sec  1.50 MBytes  1.50 MBytes/sec  1088  
[  5] 358.00-359.00 sec  1.50 MBytes  1.50 MBytes/sec  1087  
[  5] 359.00-360.00 sec  1.50 MBytes  1.50 MBytes/sec  1087  
[  5] 360.00-361.00 sec  1.63 MBytes  1.63 MBytes/sec  1181  
[  5] 361.00-362.00 sec  1.95 MBytes  1.95 MBytes/sec  1410  
[  5] 362.00-363.00 sec  1.95 MBytes  1.95 MBytes/sec  1411  
[  5] 363.00-364.00 sec  1.95 MBytes  1.95 MBytes/sec  1410  
[  5] 364.00-365.00 sec  1.95 MBytes  1.95 MBytes/sec  1410  
[  5] 365.00-366.00 sec  1.94 MBytes  1.94 MBytes/sec  1406  
[  5] 366.00-367.00 sec  1.92 MBytes  1.92 MBytes/sec  1390  
[  5] 367.00-368.00 sec  1.92 MBytes  1.92 MBytes/sec  1390  
[  5] 368.00-369.00 sec  1.92 MBytes  1.92 MBytes/sec  1389  
[  5] 369.00-370.00 sec  1.92 MBytes  1.92 MBytes/sec  1390  
[  5] 370.00-371.00 sec  1.93 MBytes  1.93 MBytes/sec  1401  
[  5] 371.00-372.00 sec  2.04 MBytes  2.04 MBytes/sec  1479  
[  5] 372.00-373.00 sec  2.04 MBytes  2.04 MBytes/sec  1479  
[  5] 373.00-374.00 sec  2.04 MBytes  2.04 MBytes/sec  1479  
[  5] 374.00-375.00 sec  2.04 MBytes  2.04 MBytes/sec  1479  
[  5] 375.00-376.00 sec  2.08 MBytes  2.08 MBytes/sec  1505  
[  5] 376.00-377.00 sec  3.27 MBytes  3.27 MBytes/sec  2369  
[  5] 377.00-378.00 sec  3.27 MBytes  3.27 MBytes/sec  2370  
[  5] 378.00-379.00 sec  3.27 MBytes  3.27 MBytes/sec  2369  
[  5] 379.00-380.00 sec  3.27 MBytes  3.27 MBytes/sec  2369  
[  5] 380.00-381.00 sec  3.27 MBytes  3.27 MBytes/sec  2369  
[  5] 381.00-382.00 sec  4.08 MBytes  4.08 MBytes/sec  2954  
[  5] 382.00-383.00 sec  4.12 MBytes  4.12 MBytes/sec  2983  
[  5] 383.00-384.00 sec  4.12 MBytes  4.12 MBytes/sec  2982  
[  5] 384.00-385.00 sec  4.12 MBytes  4.12 MBytes/sec  2982  
[  5] 385.00-386.00 sec  4.12 MBytes  4.12 MBytes/sec  2983  
[  5] 386.00-387.00 sec  4.25 MBytes  4.25 MBytes/sec  3076  
[  5] 387.00-388.00 sec  4.26 MBytes  4.26 MBytes/sec  3088  
[  5] 388.00-389.00 sec  4.26 MBytes  4.26 MBytes/sec  3088  
[  5] 389.00-390.00 sec  4.27 MBytes  4.27 MBytes/sec  3089  
[  5] 390.00-391.00 sec  4.26 MBytes  4.26 MBytes/sec  3088  
[  5] 391.00-392.00 sec  4.09 MBytes  4.09 MBytes/sec  2963  
[  5] 392.00-393.00 sec  4.06 MBytes  4.06 MBytes/sec  2940  
[  5] 393.00-394.00 sec  4.06 MBytes  4.06 MBytes/sec  2939  
[  5] 394.00-395.00 sec  4.06 MBytes  4.06 MBytes/sec  2939  
[  5] 395.00-396.00 sec  4.06 MBytes  4.06 MBytes/sec  2939  
[  5] 396.00-397.00 sec  4.23 MBytes  4.23 MBytes/sec  3064  
[  5] 397.00-398.00 sec  4.28 MBytes  4.28 MBytes/sec  3097  
[  5] 398.00-399.00 sec  4.28 MBytes  4.28 MBytes/sec  3099  
[  5] 399.00-400.00 sec  4.28 MBytes  4.28 MBytes/sec  3097  
[  5] 400.00-401.00 sec  4.28 MBytes  4.28 MBytes/sec  3099  
[  5] 401.00-402.00 sec  4.02 MBytes  4.02 MBytes/sec  2910  
[  5] 402.00-403.00 sec  3.89 MBytes  3.89 MBytes/sec  2815  
[  5] 403.00-404.00 sec  3.89 MBytes  3.89 MBytes/sec  2815  
[  5] 404.00-405.00 sec  3.89 MBytes  3.89 MBytes/sec  2816  
[  5] 405.00-406.00 sec  3.89 MBytes  3.89 MBytes/sec  2815  
[  5] 406.00-407.00 sec  4.23 MBytes  4.23 MBytes/sec  3063  
[  5] 407.00-408.00 sec  4.52 MBytes  4.52 MBytes/sec  3274  
[  5] 408.00-409.00 sec  4.52 MBytes  4.52 MBytes/sec  3274  
[  5] 409.00-410.00 sec  4.52 MBytes  4.52 MBytes/sec  3274  
[  5] 410.00-411.00 sec  4.52 MBytes  4.52 MBytes/sec  3274  
[  5] 411.00-412.00 sec  3.71 MBytes  3.70 MBytes/sec  2683  
[  5] 412.00-413.00 sec  2.56 MBytes  2.56 MBytes/sec  1857  
[  5] 413.00-414.00 sec  2.56 MBytes  2.56 MBytes/sec  1857  
[  5] 414.00-415.00 sec  2.56 MBytes  2.56 MBytes/sec  1857  
[  5] 415.00-416.00 sec  2.56 MBytes  2.56 MBytes/sec  1857  
[  5] 416.00-417.00 sec  2.51 MBytes  2.51 MBytes/sec  1817  
[  5] 417.00-418.00 sec  2.39 MBytes  2.39 MBytes/sec  1734  
[  5] 418.00-419.00 sec  2.39 MBytes  2.39 MBytes/sec  1734  
[  5] 419.00-420.00 sec  2.39 MBytes  2.39 MBytes/sec  1733  
[  5] 420.00-421.00 sec  2.39 MBytes  2.39 MBytes/sec  1734  
[  5] 421.00-422.00 sec  2.17 MBytes  2.17 MBytes/sec  1571  
[  5] 422.00-423.00 sec  1.41 MBytes  1.41 MBytes/sec  1023  
[  5] 423.00-424.00 sec  1.41 MBytes  1.41 MBytes/sec  1023  
[  5] 424.00-425.00 sec  1.41 MBytes  1.41 MBytes/sec  1022  
[  5] 425.00-426.00 sec  1.41 MBytes  1.41 MBytes/sec  1023  
[  5] 426.00-427.00 sec  1.41 MBytes  1.41 MBytes/sec  1018  
[  5] 427.00-428.00 sec  1.36 MBytes  1.36 MBytes/sec  987  
[  5] 428.00-429.00 sec  1.36 MBytes  1.36 MBytes/sec  988  
[  5] 429.00-430.00 sec  1.36 MBytes  1.36 MBytes/sec  987  
[  5] 430.00-431.00 sec  1.36 MBytes  1.36 MBytes/sec  987  
[  5] 431.00-432.00 sec  1.36 MBytes  1.36 MBytes/sec  984  
[  5] 432.00-433.00 sec  1.03 MBytes  1.03 MBytes/sec  744  
[  5] 433.00-434.00 sec  1.03 MBytes  1.03 MBytes/sec  744  
[  5] 434.00-435.00 sec  1.03 MBytes  1.03 MBytes/sec  744  
[  5] 435.00-436.00 sec  1.03 MBytes  1.03 MBytes/sec  744  
[  5] 436.00-437.00 sec  1.03 MBytes  1.03 MBytes/sec  744  
[  5] 437.00-438.00 sec   843 KBytes  0.82 MBytes/sec  596  
[  5] 438.00-439.00 sec   827 KBytes  0.81 MBytes/sec  585  
[  5] 439.00-440.00 sec   826 KBytes  0.81 MBytes/sec  584  
[  5] 440.00-441.00 sec   826 KBytes  0.81 MBytes/sec  584  
[  5] 441.00-442.00 sec   827 KBytes  0.81 MBytes/sec  585  
[  5] 442.00-443.00 sec   626 KBytes  0.61 MBytes/sec  443  
[  5] 443.00-444.00 sec   594 KBytes  0.58 MBytes/sec  420  
[  5] 444.00-445.00 sec   595 KBytes  0.58 MBytes/sec  421  
[  5] 445.00-446.00 sec   594 KBytes  0.58 MBytes/sec  420  
[  5] 446.00-447.00 sec   595 KBytes  0.58 MBytes/sec  421  
[  5] 447.00-448.00 sec   662 KBytes  0.65 MBytes/sec  468  
[  5] 448.00-449.00 sec   682 KBytes  0.67 MBytes/sec  482  
[  5] 449.00-450.00 sec   682 KBytes  0.67 MBytes/sec  482  
[  5] 450.00-451.00 sec   682 KBytes  0.67 MBytes/sec  482  
[  5] 451.00-452.00 sec   683 KBytes  0.67 MBytes/sec  483  
[  5] 452.00-453.00 sec   916 KBytes  0.89 MBytes/sec  648  
[  5] 453.00-454.00 sec  1024 KBytes  1.00 MBytes/sec  724  
[  5] 454.00-455.00 sec  1.00 MBytes  1.00 MBytes/sec  725  
[  5] 455.00-456.00 sec  1024 KBytes  1.00 MBytes/sec  724  
[  5] 456.00-457.00 sec  1.00 MBytes  1.00 MBytes/sec  725  
[  5] 457.00-458.00 sec  1.15 MBytes  1.15 MBytes/sec  834  
[  5] 458.00-459.00 sec  1.26 MBytes  1.26 MBytes/sec  911  
[  5] 459.00-460.00 sec  1.26 MBytes  1.26 MBytes/sec  910  
[  5] 460.00-461.00 sec  1.26 MBytes  1.26 MBytes/sec  911  
[  5] 461.00-462.00 sec  1.26 MBytes  1.26 MBytes/sec  910  
[  5] 462.00-463.00 sec  1.07 MBytes  1.07 MBytes/sec  773  
[  5] 463.00-464.00 sec   908 KBytes  0.89 MBytes/sec  642  
[  5] 464.00-465.00 sec   908 KBytes  0.89 MBytes/sec  642  
[  5] 465.00-466.00 sec   909 KBytes  0.89 MBytes/sec  643  
[  5] 466.00-467.00 sec   908 KBytes  0.89 MBytes/sec  642  
[  5] 467.00-468.00 sec   853 KBytes  0.83 MBytes/sec  603  
[  5] 468.00-469.00 sec   776 KBytes  0.76 MBytes/sec  549  
[  5] 469.00-470.00 sec   775 KBytes  0.76 MBytes/sec  548  
[  5] 470.00-471.00 sec   776 KBytes  0.76 MBytes/sec  549  
[  5] 471.00-472.00 sec   776 KBytes  0.76 MBytes/sec  549  
[  5] 472.00-473.00 sec   772 KBytes  0.75 MBytes/sec  546  
[  5] 473.00-474.00 sec   764 KBytes  0.75 MBytes/sec  540  
[  5] 474.00-475.00 sec   764 KBytes  0.75 MBytes/sec  540  
[  5] 475.00-476.00 sec   762 KBytes  0.74 MBytes/sec  539  
[  5] 476.00-477.00 sec   764 KBytes  0.75 MBytes/sec  540  
[  5] 477.00-478.00 sec   807 KBytes  0.79 MBytes/sec  571  
[  5] 478.00-479.00 sec   945 KBytes  0.92 MBytes/sec  668  
[  5] 479.00-480.00 sec   946 KBytes  0.92 MBytes/sec  669  
[  5] 480.00-481.00 sec   946 KBytes  0.92 MBytes/sec  669  
[  5] 481.00-482.00 sec   946 KBytes  0.92 MBytes/sec  669  
[  5] 482.00-483.00 sec   919 KBytes  0.90 MBytes/sec  650  
[  5] 483.00-484.00 sec   781 KBytes  0.76 MBytes/sec  552  
[  5] 484.00-485.00 sec   781 KBytes  0.76 MBytes/sec  552  
[  5] 485.00-486.00 sec   779 KBytes  0.76 MBytes/sec  551  
[  5] 486.00-487.00 sec   781 KBytes  0.76 MBytes/sec  552  
[  5] 487.00-488.00 sec   781 KBytes  0.76 MBytes/sec  552  
[  5] 488.00-489.00 sec   800 KBytes  0.78 MBytes/sec  566  
[  5] 489.00-490.00 sec   800 KBytes  0.78 MBytes/sec  566  
[  5] 490.00-491.00 sec   800 KBytes  0.78 MBytes/sec  566  
[  5] 491.00-492.00 sec   799 KBytes  0.78 MBytes/sec  565  
[  5] 492.00-493.00 sec   800 KBytes  0.78 MBytes/sec  566  
[  5] 493.00-494.00 sec  1.01 MBytes  1.01 MBytes/sec  730  
[  5] 494.00-495.00 sec  1.01 MBytes  1.01 MBytes/sec  731  
[  5] 495.00-496.00 sec  1.01 MBytes  1.01 MBytes/sec  731  
[  5] 496.00-497.00 sec  1.01 MBytes  1.01 MBytes/sec  731  
[  5] 497.00-498.00 sec  1.01 MBytes  1.01 MBytes/sec  730  
[  5] 498.00-499.00 sec   887 KBytes  0.87 MBytes/sec  627  
[  5] 499.00-500.00 sec   863 KBytes  0.84 MBytes/sec  610  
- - - - - - - - - - - - - - - - - - - - - - - - -
[ ID] Interval           Transfer     Bitrate         Jitter    Lost/Total Datagrams
[  5]   0.00-500.00 sec  1.33 GBytes  2.73 MBytes/sec  0.000 ms  0/989920 (0%)  sender
[  5]   0.00-500.11 sec  1.33 GBytes  2.73 MBytes/sec  0.035 ms  0/989920 (0%)  receiver

iperf Done.
